[ 2015-01-14T10:54:20+08:00 ] ::1 /tpl/simplebootx//Public/images/headicon.png
ERR: 无法加载模块:Tpl

[ 2015-01-14T10:57:21+08:00 ] ::1 /tpl/simplebootx//Public/images/headicon.png
ERR: 无法加载模块:Tpl

[ 2015-01-14T10:57:55+08:00 ] ::1 /tpl/simplebootx//Public/images/headicon.png
ERR: 无法加载模块:Tpl

[ 2015-01-14T10:59:24+08:00 ] ::1 /tpl/simplebootx//Public/images/headicon.png
ERR: 无法加载模块:Tpl

[ 2015-01-14T11:03:19+08:00 ] ::1 /tpl/simplebootx//Public/images/headicon.png
ERR: 无法加载模块:Tpl

[ 2015-01-14T11:07:51+08:00 ] ::1 /tpl/simplebootx//Public/images/headicon.png
ERR: 无法加载模块:Tpl

[ 2015-01-14T11:08:32+08:00 ] ::1 /tpl/simplebootx//Public/images/headicon.png
ERR: 无法加载模块:Tpl

[ 2015-01-14T11:08:32+08:00 ] ::1 /tpl/simplebootx/Public/images/logo.png
ERR: 无法加载模块:Tpl

[ 2015-01-14T11:15:57+08:00 ] ::1 /tpl/simplebootx//Public/images/headicon.png
ERR: 无法加载模块:Tpl

[ 2015-01-14T11:16:01+08:00 ] ::1 /tpl/simplebootx//Public/images/headicon.png
ERR: 无法加载模块:Tpl

[ 2015-01-14T11:16:05+08:00 ] ::1 /tpl/simplebootx//Public/images/headicon.png
ERR: 无法加载模块:Tpl

[ 2015-01-14T11:18:43+08:00 ] ::1 /tpl/simplebootx//Public/images/headicon.png
ERR: 无法加载模块:Tpl

[ 2015-01-14T11:18:48+08:00 ] ::1 /tpl/simplebootx//Public/images/headicon.png
ERR: 无法加载模块:Tpl

[ 2015-01-14T11:18:48+08:00 ] ::1 /tpl/simplebootx/Public/images/logo.png
ERR: 无法加载模块:Tpl

[ 2015-01-14T11:18:55+08:00 ] ::1 /tpl/simplebootx//Public/images/headicon.png
ERR: 无法加载模块:Tpl

[ 2015-01-14T11:20:42+08:00 ] ::1 /tpl/simplebootx//Public/images/headicon.png
ERR: 无法加载模块:Tpl

[ 2015-01-14T11:21:29+08:00 ] ::1 /tpl/simplebootx//Public/images/headicon.png
ERR: 无法加载模块:Tpl

[ 2015-01-14T11:21:31+08:00 ] ::1 /tpl/simplebootx/Public/images/logo.png
ERR: 无法加载模块:Tpl

[ 2015-01-14T11:21:31+08:00 ] ::1 /tpl/simplebootx//Public/images/headicon.png
ERR: 无法加载模块:Tpl

[ 2015-01-14T11:23:38+08:00 ] ::1 /tpl/simplebootx//Public/images/headicon.png
ERR: 无法加载模块:Tpl

[ 2015-01-14T11:24:42+08:00 ] ::1 /tpl/simplebootx/Public/simpleboot/themes/cmf/theme.min.css
ERR: 无法加载模块:Tpl

[ 2015-01-14T11:24:42+08:00 ] ::1 /tpl/simplebootx/Public/css/style.css
ERR: 无法加载模块:Tpl

[ 2015-01-14T11:24:42+08:00 ] ::1 /tpl/simplebootx/Public/simpleboot/font-awesome/4.2.0/css/font-awesome.min.css
ERR: 无法加载模块:Tpl

[ 2015-01-14T11:24:42+08:00 ] ::1 /tpl/simplebootx/Public/simpleboot/bootstrap/css/bootstrap-responsive.min.css
ERR: 无法加载模块:Tpl

[ 2015-01-14T11:27:58+08:00 ] ::1 /tpl/simplebootx//Public/images/headicon.png
ERR: 无法加载模块:Tpl

[ 2015-01-14T11:30:45+08:00 ] ::1 /tpl/simplebootx//Public/images/headicon.png
ERR: 无法加载模块:Tpl

[ 2015-01-14T13:39:29+08:00 ] ::1 /tpl/simplebootx//Public/images/headicon.png
ERR: 无法加载模块:Tpl

[ 2015-01-14T13:41:49+08:00 ] ::1 /tpl/simplebootx//Public/images/headicon.png
ERR: 无法加载模块:Tpl

[ 2015-01-14T13:43:32+08:00 ] ::1 /tpl/simplebootx//Public/images/headicon.png
ERR: 无法加载模块:Tpl

[ 2015-01-14T13:43:38+08:00 ] ::1 /tpl/simplebootx//Public/images/headicon.png
ERR: 无法加载模块:Tpl

[ 2015-01-14T13:43:39+08:00 ] ::1 /tpl/simplebootx/Public/images/logo.png
ERR: 无法加载模块:Tpl

[ 2015-01-14T13:43:39+08:00 ] ::1 /tpl/simplebootx/Public/simpleboot/bootstrap/js/bootstrap.min.js
ERR: 无法加载模块:Tpl

[ 2015-01-14T13:50:19+08:00 ] ::1 /tpl/simplebootx//Public/images/headicon.png
ERR: 无法加载模块:Tpl

[ 2015-01-14T14:12:28+08:00 ] ::1 /tpl/simplebootx//Public/images/headicon.png
ERR: 无法加载模块:Tpl

[ 2015-01-14T14:16:33+08:00 ] ::1 /tpl/simplebootx//Public/images/headicon.png
ERR: 无法加载模块:Tpl

