[ 2015-01-08T10:44:58+08:00 ] ::1 /index.php?g=&m=AdminPost&a=add_post
INFO: [ app_begin ] --START--
INFO: Run Behavior\ReadHtmlCacheBehavior [ RunTime:0.001000s ]
INFO: Run Behavior\CheckLangBehavior [ RunTime:0.001000s ]
INFO: [ app_begin ] --END-- [ RunTime:0.002000s ]
SQL: SHOW COLUMNS FROM `sp_users` [ RunTime:0.0050s ]
SQL: SELECT * FROM `sp_users` WHERE ( id=1 ) LIMIT 1   [ RunTime:0.0000s ]
SQL: SHOW COLUMNS FROM `sp_posts` [ RunTime:0.0070s ]
SQL: SHOW COLUMNS FROM `sp_terms` [ RunTime:0.0060s ]
SQL: SHOW COLUMNS FROM `sp_term_relationships` [ RunTime:0.0080s ]
SQL: SELECT * FROM `sp_terms` ORDER BY `listorder` asc  [ RunTime:0.0010s ]
SQL: INSERT INTO `sp_posts` (`post_modified`,`post_status`,`post_title`,`post_keywords`,`post_excerpt`,`post_content`,`post_date`,`smeta`,`post_author`) VALUES ('2015-01-08 10:44:50','1','asda','sdas','dasdas','<p>da</p>','2015-01-08 10:44:58','{\"thumb\":\"\"}','1') [ RunTime:0.0010s ]
SQL: INSERT INTO `sp_term_relationships` (`term_id`,`object_id`) VALUES ('2','1') [ RunTime:0.0000s ]
NOTIC: [8] Undefined index: data E:\ThinkCMFX\application\Common\Controller\AppframeController.class.php 第 62 行.

[ 2015-01-08T10:45:11+08:00 ] ::1 /index.php?g=&m=article&a=do_like&id=1
INFO: [ app_begin ] --START--
INFO: Run Behavior\ReadHtmlCacheBehavior [ RunTime:0.001000s ]
INFO: Run Behavior\CheckLangBehavior [ RunTime:0.001000s ]
INFO: [ app_begin ] --END-- [ RunTime:0.002000s ]
SQL: SHOW COLUMNS FROM `sp_posts` [ RunTime:0.0060s ]
SQL: SHOW COLUMNS FROM `sp_common_action_log` [ RunTime:0.0350s ]
SQL: SELECT * FROM `sp_common_action_log` WHERE `user` = '1' AND `action` = 'Portal-Article-do_like' AND `object` = 'posts1' LIMIT 1   [ RunTime:0.0010s ]
SQL: INSERT INTO `sp_common_action_log` (`user`,`action`,`object`,`count`,`last_time`,`ip`) VALUES ('1','Portal-Article-do_like','posts1',count+1,'1420685111','0.0.0.0') [ RunTime:0.0000s ]
SQL: UPDATE `sp_posts` SET `post_like`=post_like+1 WHERE `id` = 1 [ RunTime:0.0000s ]
NOTIC: [8] Undefined index: data E:\ThinkCMFX\application\Common\Controller\AppframeController.class.php 第 62 行.

[ 2015-01-08T10:45:13+08:00 ] ::1 /index.php?g=&m=article&a=do_like&id=1
INFO: [ app_begin ] --START--
INFO: Run Behavior\ReadHtmlCacheBehavior [ RunTime:0.000000s ]
INFO: Run Behavior\CheckLangBehavior [ RunTime:0.000000s ]
INFO: [ app_begin ] --END-- [ RunTime:0.001000s ]
SQL: SHOW COLUMNS FROM `sp_posts` [ RunTime:0.0060s ]
SQL: SHOW COLUMNS FROM `sp_common_action_log` [ RunTime:0.0060s ]
SQL: SELECT * FROM `sp_common_action_log` WHERE `user` = '1' AND `action` = 'Portal-Article-do_like' AND `object` = 'posts1' LIMIT 1   [ RunTime:0.0010s ]
SQL: UPDATE `sp_common_action_log` SET `count`=count+1,`last_time`='1420685113',`ip`='0.0.0.0' WHERE `user` = '1' AND `action` = 'Portal-Article-do_like' AND `object` = 'posts1' [ RunTime:0.0010s ]
NOTIC: [8] Undefined index: data E:\ThinkCMFX\application\Common\Controller\AppframeController.class.php 第 62 行.

[ 2015-01-08T10:45:14+08:00 ] ::1 /index.php?g=&m=article&a=do_like&id=1
INFO: [ app_begin ] --START--
INFO: Run Behavior\ReadHtmlCacheBehavior [ RunTime:0.001000s ]
INFO: Run Behavior\CheckLangBehavior [ RunTime:0.001000s ]
INFO: [ app_begin ] --END-- [ RunTime:0.003000s ]
SQL: SHOW COLUMNS FROM `sp_posts` [ RunTime:0.0060s ]
SQL: SHOW COLUMNS FROM `sp_common_action_log` [ RunTime:0.0060s ]
SQL: SELECT * FROM `sp_common_action_log` WHERE `user` = '1' AND `action` = 'Portal-Article-do_like' AND `object` = 'posts1' LIMIT 1   [ RunTime:0.0010s ]
SQL: UPDATE `sp_common_action_log` SET `count`=count+1,`last_time`='1420685114',`ip`='0.0.0.0' WHERE `user` = '1' AND `action` = 'Portal-Article-do_like' AND `object` = 'posts1' [ RunTime:0.0000s ]
NOTIC: [8] Undefined index: data E:\ThinkCMFX\application\Common\Controller\AppframeController.class.php 第 62 行.

