[ 2015-01-20T10:57:45+08:00 ] 60.166.37.183 /index.php?g=Admin&m=public&a=dologin
INFO: [ app_begin ] --START--
INFO: Run Behavior\ReadHtmlCacheBehavior [ RunTime:0.000976s ]
INFO: Run Behavior\CheckLangBehavior [ RunTime:0.000977s ]
INFO: [ app_begin ] --END-- [ RunTime:0.001953s ]
SQL: SHOW COLUMNS FROM `sp_users` [ RunTime:0.0029s ]
SQL: SELECT * FROM `sp_users` WHERE `user_login` = 'admin' LIMIT 1   [ RunTime:0.0000s ]
NOTIC: [8] Undefined index: data D:\wy-master\application\Common\Controller\AppframeController.class.php 第 62 行.

[ 2015-01-20T10:57:48+08:00 ] 60.166.37.183 /index.php?g=Admin&m=public&a=dologin
INFO: [ app_begin ] --START--
INFO: Run Behavior\ReadHtmlCacheBehavior [ RunTime:0.000000s ]
INFO: Run Behavior\CheckLangBehavior [ RunTime:0.000977s ]
INFO: [ app_begin ] --END-- [ RunTime:0.001953s ]
SQL: SHOW COLUMNS FROM `sp_users` [ RunTime:0.0029s ]
SQL: SELECT * FROM `sp_users` WHERE `user_login` = 'admin' LIMIT 1   [ RunTime:0.0010s ]
SQL: UPDATE `sp_users` SET `user_login`='admin',`user_pass`='c535018ee946e10adc3949ba59abbe56e057f20f883e89af',`user_nicename`='admin',`user_email`='wangsong12332@sina.com',`user_url`='',`sex`='0',`last_login_ip`='60.166.37.183',`last_login_time`='2015-01-20 10:57:48',`create_time`='2015-01-07 04:24:04',`user_activation_key`='',`user_status`='1',`role_id`='1',`score`='0',`user_type`='1' WHERE `id` = '1' [ RunTime:0.0010s ]
NOTIC: [8] Undefined index: data D:\wy-master\application\Common\Controller\AppframeController.class.php 第 62 行.

[ 2015-01-20T16:25:13+08:00 ] 60.166.37.183 /index.php?g=Admin&m=public&a=dologin
INFO: [ app_begin ] --START--
INFO: Run Behavior\ReadHtmlCacheBehavior [ RunTime:0.000976s ]
INFO: Run Behavior\CheckLangBehavior [ RunTime:0.000977s ]
INFO: [ app_begin ] --END-- [ RunTime:0.001953s ]
SQL: SHOW COLUMNS FROM `sp_users` [ RunTime:0.0020s ]
SQL: SELECT * FROM `sp_users` WHERE `user_login` = 'admin' LIMIT 1   [ RunTime:0.0000s ]
SQL: UPDATE `sp_users` SET `user_login`='admin',`user_pass`='c535018ee946e10adc3949ba59abbe56e057f20f883e89af',`user_nicename`='admin',`user_email`='wangsong12332@sina.com',`user_url`='',`sex`='0',`last_login_ip`='60.166.37.183',`last_login_time`='2015-01-20 16:25:13',`create_time`='2015-01-07 04:24:04',`user_activation_key`='',`user_status`='1',`role_id`='1',`score`='0',`user_type`='1' WHERE `id` = '1' [ RunTime:0.0000s ]
NOTIC: [8] Undefined index: data D:\wy-master\application\Common\Controller\AppframeController.class.php 第 62 行.

[ 2015-01-20T19:08:08+08:00 ] 60.166.159.66 /index.php?g=Admin&m=public&a=dologin
INFO: [ app_begin ] --START--
INFO: Run Behavior\ReadHtmlCacheBehavior [ RunTime:0.000000s ]
INFO: Run Behavior\CheckLangBehavior [ RunTime:0.000977s ]
INFO: [ app_begin ] --END-- [ RunTime:0.001953s ]
SQL: SHOW COLUMNS FROM `sp_users` [ RunTime:0.0029s ]
SQL: SELECT * FROM `sp_users` WHERE `user_login` = 'admin' LIMIT 1   [ RunTime:0.0010s ]
SQL: UPDATE `sp_users` SET `user_login`='admin',`user_pass`='c535018ee946e10adc3949ba59abbe56e057f20f883e89af',`user_nicename`='admin',`user_email`='wangsong12332@sina.com',`user_url`='',`sex`='0',`last_login_ip`='60.166.159.66',`last_login_time`='2015-01-20 19:08:08',`create_time`='2015-01-07 04:24:04',`user_activation_key`='',`user_status`='1',`role_id`='1',`score`='0',`user_type`='1' WHERE `id` = '1' [ RunTime:0.0010s ]
NOTIC: [8] Undefined index: data D:\wy-master\application\Common\Controller\AppframeController.class.php 第 62 行.

[ 2015-01-20T19:37:13+08:00 ] 60.166.159.66 /index.php?g=Admin&m=link&a=edit_post
INFO: [ app_begin ] --START--
INFO: Run Behavior\ReadHtmlCacheBehavior [ RunTime:0.000977s ]
INFO: Run Behavior\CheckLangBehavior [ RunTime:0.000977s ]
INFO: [ app_begin ] --END-- [ RunTime:0.001954s ]
SQL: SHOW COLUMNS FROM `sp_users` [ RunTime:0.0029s ]
SQL: SELECT * FROM `sp_users` WHERE ( id=1 ) LIMIT 1   [ RunTime:0.0000s ]
SQL: SHOW COLUMNS FROM `sp_links` [ RunTime:0.0020s ]
SQL: UPDATE `sp_links` SET `link_name`='微博',`link_url`='http://weibo.com/p/1006065454998491/home?from=page_100606&amp;mod=TAB#place',`link_image`='http://weiyingkj.com/static/img/1.jpg',`link_target`='_blank',`link_description`='阿萨德发' WHERE `link_id` = '2' [ RunTime:0.0010s ]
NOTIC: [8] Undefined index: data D:\wy-master\application\Common\Controller\AppframeController.class.php 第 62 行.

[ 2015-01-20T19:38:09+08:00 ] 60.166.159.66 /index.php?g=Admin&m=link&a=edit_post
INFO: [ app_begin ] --START--
INFO: Run Behavior\ReadHtmlCacheBehavior [ RunTime:0.000976s ]
INFO: Run Behavior\CheckLangBehavior [ RunTime:0.000977s ]
INFO: [ app_begin ] --END-- [ RunTime:0.001953s ]
SQL: SHOW COLUMNS FROM `sp_users` [ RunTime:0.0020s ]
SQL: SELECT * FROM `sp_users` WHERE ( id=1 ) LIMIT 1   [ RunTime:0.0000s ]
SQL: SHOW COLUMNS FROM `sp_links` [ RunTime:0.0029s ]
SQL: UPDATE `sp_links` SET `link_name`='微赢生物科技有限公司',`link_url`='http://tieba.baidu.com/f?ie=utf-8&amp;kw=%E5%BE%AE%E8%B5%A2%E7%94%9F%E7%89%A9%E7%A7%91%E6%8A%80%E6%9C%89%E9%99%90%E5%85%AC%E5%8F%B8&amp;fr=ibaidu&amp;qq-pf-to=pcqq.c2c',`link_image`='http://weiyingkj.com/static/img/link/3.jpg',`link_target`='_blank',`link_description`='' WHERE `link_id` = '3' [ RunTime:0.0000s ]
NOTIC: [8] Undefined index: data D:\wy-master\application\Common\Controller\AppframeController.class.php 第 62 行.

[ 2015-01-20T19:38:34+08:00 ] 60.166.159.66 /index.php?g=Admin&m=link&a=edit_post
INFO: [ app_begin ] --START--
INFO: Run Behavior\ReadHtmlCacheBehavior [ RunTime:0.000977s ]
INFO: Run Behavior\CheckLangBehavior [ RunTime:0.000976s ]
INFO: [ app_begin ] --END-- [ RunTime:0.001953s ]
SQL: SHOW COLUMNS FROM `sp_users` [ RunTime:0.0020s ]
SQL: SELECT * FROM `sp_users` WHERE ( id=1 ) LIMIT 1   [ RunTime:0.0000s ]
SQL: SHOW COLUMNS FROM `sp_links` [ RunTime:0.0020s ]
SQL: UPDATE `sp_links` SET `link_name`='新浪博客',`link_url`='http://blog.sina.com.cn/u/5454998491',`link_image`='http://weiyingkj.com/static/img/link/4.jpg',`link_target`='_blank',`link_description`='' WHERE `link_id` = '4' [ RunTime:0.0000s ]
NOTIC: [8] Undefined index: data D:\wy-master\application\Common\Controller\AppframeController.class.php 第 62 行.

[ 2015-01-20T19:38:59+08:00 ] 60.166.159.66 /index.php?g=Admin&m=link&a=edit_post
INFO: [ app_begin ] --START--
INFO: Run Behavior\ReadHtmlCacheBehavior [ RunTime:0.000977s ]
INFO: Run Behavior\CheckLangBehavior [ RunTime:0.000976s ]
INFO: [ app_begin ] --END-- [ RunTime:0.001953s ]
SQL: SHOW COLUMNS FROM `sp_users` [ RunTime:0.0029s ]
SQL: SELECT * FROM `sp_users` WHERE ( id=1 ) LIMIT 1   [ RunTime:0.0000s ]
SQL: SHOW COLUMNS FROM `sp_links` [ RunTime:0.0020s ]
SQL: UPDATE `sp_links` SET `link_name`=' 豆瓣',`link_url`='http://www.douban.com/people/120095444/?qq-pf-to=pcqq.c2c',`link_image`='http://weiyingkj.com/static/img/link/2.jpg',`link_target`='_blank',`link_description`='' WHERE `link_id` = '5' [ RunTime:0.0010s ]
NOTIC: [8] Undefined index: data D:\wy-master\application\Common\Controller\AppframeController.class.php 第 62 行.

[ 2015-01-20T19:39:31+08:00 ] 60.166.159.66 /index.php?g=Admin&m=link&a=edit_post
INFO: [ app_begin ] --START--
INFO: Run Behavior\ReadHtmlCacheBehavior [ RunTime:0.000977s ]
INFO: Run Behavior\CheckLangBehavior [ RunTime:0.002930s ]
INFO: [ app_begin ] --END-- [ RunTime:0.003907s ]
SQL: SHOW COLUMNS FROM `sp_users` [ RunTime:0.0029s ]
SQL: SELECT * FROM `sp_users` WHERE ( id=1 ) LIMIT 1   [ RunTime:0.0010s ]
SQL: SHOW COLUMNS FROM `sp_links` [ RunTime:0.0020s ]
SQL: UPDATE `sp_links` SET `link_name`='微博',`link_url`='http://weibo.com/p/1006065454998491/home?from=page_100606&amp;mod=TAB#place',`link_image`='http://weiyingkj.com/static/img/link/1.jpg',`link_target`='_blank',`link_description`='阿萨德发' WHERE `link_id` = '2' [ RunTime:0.0000s ]
NOTIC: [8] Undefined index: data D:\wy-master\application\Common\Controller\AppframeController.class.php 第 62 行.

[ 2015-01-20T20:58:08+08:00 ] 60.166.159.66 /index.php?g=Admin&m=public&a=dologin
INFO: [ app_begin ] --START--
INFO: Run Behavior\ReadHtmlCacheBehavior [ RunTime:0.000977s ]
INFO: Run Behavior\CheckLangBehavior [ RunTime:0.000976s ]
INFO: [ app_begin ] --END-- [ RunTime:0.001953s ]
SQL: SHOW COLUMNS FROM `sp_users` [ RunTime:0.0029s ]
SQL: SELECT * FROM `sp_users` WHERE `user_login` = 'admin' LIMIT 1   [ RunTime:0.0010s ]
SQL: UPDATE `sp_users` SET `user_login`='admin',`user_pass`='c535018ee946e10adc3949ba59abbe56e057f20f883e89af',`user_nicename`='admin',`user_email`='wangsong12332@sina.com',`user_url`='',`sex`='0',`last_login_ip`='60.166.159.66',`last_login_time`='2015-01-20 20:58:08',`create_time`='2015-01-07 04:24:04',`user_activation_key`='',`user_status`='1',`role_id`='1',`score`='0',`user_type`='1' WHERE `id` = '1' [ RunTime:0.0010s ]
NOTIC: [8] Undefined index: data D:\wy-master\application\Common\Controller\AppframeController.class.php 第 62 行.

