[ 2015-01-16T10:00:23+08:00 ] ::1 /index.php?g=Admin&m=public&a=dologin
INFO: [ app_begin ] --START--
INFO: Run Behavior\ReadHtmlCacheBehavior [ RunTime:0.000000s ]
INFO: Run Behavior\CheckLangBehavior [ RunTime:0.000000s ]
INFO: [ app_begin ] --END-- [ RunTime:0.000000s ]
SQL: SHOW COLUMNS FROM `sp_users` [ RunTime:0.0000s ]
SQL: SELECT * FROM `sp_users` WHERE `user_login` = 'admin' LIMIT 1   [ RunTime:0.0000s ]
NOTIC: [8] Undefined index: data E:\ThinkCMFX\application\Common\Controller\AppframeController.class.php 第 62 行.

[ 2015-01-16T10:00:26+08:00 ] ::1 /index.php?g=Admin&m=public&a=dologin
INFO: [ app_begin ] --START--
INFO: Run Behavior\ReadHtmlCacheBehavior [ RunTime:0.000000s ]
INFO: Run Behavior\CheckLangBehavior [ RunTime:0.000000s ]
INFO: [ app_begin ] --END-- [ RunTime:0.000000s ]
SQL: SHOW COLUMNS FROM `sp_users` [ RunTime:0.0000s ]
SQL: SELECT * FROM `sp_users` WHERE `user_login` = 'admin' LIMIT 1   [ RunTime:0.0000s ]
SQL: UPDATE `sp_users` SET `user_login`='admin',`user_pass`='c535018ee946e10adc3949ba59abbe56e057f20f883e89af',`user_nicename`='admin',`user_email`='wangsong12332@sina.com',`user_url`='',`sex`='0',`last_login_ip`='0.0.0.0',`last_login_time`='2015-01-16 10:00:26',`create_time`='2015-01-07 04:24:04',`user_activation_key`='',`user_status`='1',`role_id`='1',`score`='0',`user_type`='1' WHERE `id` = '1' [ RunTime:0.0000s ]
NOTIC: [8] Undefined index: data E:\ThinkCMFX\application\Common\Controller\AppframeController.class.php 第 62 行.

[ 2015-01-16T15:33:16+08:00 ] ::1 /index.php?g=Admin&m=public&a=dologin
INFO: [ app_begin ] --START--
INFO: Run Behavior\ReadHtmlCacheBehavior [ RunTime:0.001001s ]
INFO: Run Behavior\CheckLangBehavior [ RunTime:0.001000s ]
INFO: [ app_begin ] --END-- [ RunTime:0.002001s ]
SQL: SHOW COLUMNS FROM `sp_users` [ RunTime:0.0250s ]
SQL: SELECT * FROM `sp_users` WHERE `user_login` = 'admin' LIMIT 1   [ RunTime:0.0010s ]
SQL: UPDATE `sp_users` SET `user_login`='admin',`user_pass`='c535018ee946e10adc3949ba59abbe56e057f20f883e89af',`user_nicename`='admin',`user_email`='wangsong12332@sina.com',`user_url`='',`sex`='0',`last_login_ip`='0.0.0.0',`last_login_time`='2015-01-16 15:33:16',`create_time`='2015-01-07 04:24:04',`user_activation_key`='',`user_status`='1',`role_id`='1',`score`='0',`user_type`='1' WHERE `id` = '1' [ RunTime:0.0000s ]
NOTIC: [8] Undefined index: data E:\ThinkCMFX\application\Common\Controller\AppframeController.class.php 第 62 行.

