[ 2015-01-08T11:14:27+08:00 ] ::1 /index.php?g=Admin&m=public&a=dologin
INFO: [ app_begin ] --START--
INFO: Run Behavior\ReadHtmlCacheBehavior [ RunTime:0.000000s ]
INFO: Run Behavior\CheckLangBehavior [ RunTime:0.002000s ]
INFO: [ app_begin ] --END-- [ RunTime:0.003000s ]
SQL: SHOW COLUMNS FROM `sp_users` [ RunTime:0.0070s ]
SQL: SELECT * FROM `sp_users` WHERE `user_login` = '汪松' LIMIT 1   [ RunTime:0.0000s ]
SQL: UPDATE `sp_users` SET `user_login`='汪松',`user_pass`='c535018ee946202cb962ac59075b964b07152d234b7089af',`user_nicename`='',`user_email`='wangsong1233276@sina.com',`user_url`='',`sex`='0',`last_login_ip`='0.0.0.0',`last_login_time`='2015-01-08 11:14:27',`create_time`='0000-00-00 00:00:00',`user_activation_key`='',`user_status`='1',`role_id`='2',`score`='0',`user_type`='1' WHERE `id` = '2' [ RunTime:0.0000s ]
NOTIC: [8] Undefined index: data E:\ThinkCMFX\application\Common\Controller\AppframeController.class.php 第 62 行.

[ 2015-01-08T17:14:38+08:00 ] ::1 /index.php?g=Admin&m=Menu&a=listorders
INFO: [ app_begin ] --START--
INFO: Run Behavior\ReadHtmlCacheBehavior [ RunTime:0.015600s ]
INFO: Run Behavior\CheckLangBehavior [ RunTime:0.046800s ]
INFO: [ app_begin ] --END-- [ RunTime:0.078000s ]
SQL: SHOW COLUMNS FROM `sp_users` [ RunTime:0.2496s ]
SQL: SELECT * FROM `sp_users` WHERE ( id=1 ) LIMIT 1   [ RunTime:0.0312s ]
SQL: SHOW COLUMNS FROM `sp_menu` [ RunTime:0.0468s ]
SQL: UPDATE `sp_menu` SET `listorder`='0' WHERE `id` = 239 [ RunTime:0.0936s ]
SQL: UPDATE `sp_menu` SET `listorder`='0' WHERE `id` = 252 [ RunTime:0.0000s ]
SQL: UPDATE `sp_menu` SET `listorder`='0' WHERE `id` = 253 [ RunTime:0.0000s ]
SQL: UPDATE `sp_menu` SET `listorder`='0' WHERE `id` = 524 [ RunTime:0.0000s ]
SQL: UPDATE `sp_menu` SET `listorder`='0' WHERE `id` = 254 [ RunTime:0.0000s ]
SQL: UPDATE `sp_menu` SET `listorder`='0' WHERE `id` = 515 [ RunTime:0.0000s ]
SQL: UPDATE `sp_menu` SET `listorder`='0' WHERE `id` = 284 [ RunTime:0.0000s ]
SQL: UPDATE `sp_menu` SET `listorder`='0' WHERE `id` = 514 [ RunTime:0.0000s ]
SQL: UPDATE `sp_menu` SET `listorder`='0' WHERE `id` = 564 [ RunTime:0.0000s ]
SQL: UPDATE `sp_menu` SET `listorder`='0' WHERE `id` = 565 [ RunTime:0.0000s ]
SQL: UPDATE `sp_menu` SET `listorder`='0' WHERE `id` = 566 [ RunTime:0.0000s ]
SQL: UPDATE `sp_menu` SET `listorder`='0' WHERE `id` = 567 [ RunTime:0.0000s ]
SQL: UPDATE `sp_menu` SET `listorder`='0' WHERE `id` = 568 [ RunTime:0.0000s ]
SQL: UPDATE `sp_menu` SET `listorder`='0' WHERE `id` = 569 [ RunTime:0.0000s ]
SQL: UPDATE `sp_menu` SET `listorder`='0' WHERE `id` = 572 [ RunTime:0.0000s ]
SQL: UPDATE `sp_menu` SET `listorder`='0' WHERE `id` = 573 [ RunTime:0.0156s ]
SQL: UPDATE `sp_menu` SET `listorder`='0' WHERE `id` = 574 [ RunTime:0.0000s ]
SQL: UPDATE `sp_menu` SET `listorder`='0' WHERE `id` = 533 [ RunTime:0.0000s ]
SQL: UPDATE `sp_menu` SET `listorder`='0' WHERE `id` = 526 [ RunTime:0.0000s ]
SQL: UPDATE `sp_menu` SET `listorder`='0' WHERE `id` = 527 [ RunTime:0.0000s ]
SQL: UPDATE `sp_menu` SET `listorder`='0' WHERE `id` = 528 [ RunTime:0.0000s ]
SQL: UPDATE `sp_menu` SET `listorder`='0' WHERE `id` = 529 [ RunTime:0.0000s ]
SQL: UPDATE `sp_menu` SET `listorder`='1' WHERE `id` = 298 [ RunTime:0.0000s ]
SQL: UPDATE `sp_menu` SET `listorder`='0' WHERE `id` = 286 [ RunTime:0.0000s ]
SQL: UPDATE `sp_menu` SET `listorder`='0' WHERE `id` = 289 [ RunTime:0.0000s ]
SQL: UPDATE `sp_menu` SET `listorder`='0' WHERE `id` = 287 [ RunTime:0.0000s ]
SQL: UPDATE `sp_menu` SET `listorder`='0' WHERE `id` = 561 [ RunTime:0.0000s ]
SQL: UPDATE `sp_menu` SET `listorder`='0' WHERE `id` = 562 [ RunTime:0.0000s ]
SQL: UPDATE `sp_menu` SET `listorder`='0' WHERE `id` = 288 [ RunTime:0.0000s ]
SQL: UPDATE `sp_menu` SET `listorder`='0' WHERE `id` = 563 [ RunTime:0.0000s ]
SQL: UPDATE `sp_menu` SET `listorder`='0' WHERE `id` = 290 [ RunTime:0.0000s ]
SQL: UPDATE `sp_menu` SET `listorder`='0' WHERE `id` = 291 [ RunTime:0.0000s ]
SQL: UPDATE `sp_menu` SET `listorder`='1000' WHERE `id` = 467 [ RunTime:0.0000s ]
SQL: UPDATE `sp_menu` SET `listorder`='1000' WHERE `id` = 465 [ RunTime:0.0156s ]
SQL: UPDATE `sp_menu` SET `listorder`='0' WHERE `id` = 513 [ RunTime:0.0000s ]
SQL: UPDATE `sp_menu` SET `listorder`='1000' WHERE `id` = 464 [ RunTime:0.0000s ]
SQL: UPDATE `sp_menu` SET `listorder`='0' WHERE `id` = 512 [ RunTime:0.0000s ]
SQL: UPDATE `sp_menu` SET `listorder`='1000' WHERE `id` = 463 [ RunTime:0.0000s ]
SQL: UPDATE `sp_menu` SET `listorder`='1000' WHERE `id` = 462 [ RunTime:0.0000s ]
SQL: UPDATE `sp_menu` SET `listorder`='0' WHERE `id` = 511 [ RunTime:0.0000s ]
SQL: UPDATE `sp_menu` SET `listorder`='0' WHERE `id` = 292 [ RunTime:0.0000s ]
SQL: UPDATE `sp_menu` SET `listorder`='1000' WHERE `id` = 480 [ RunTime:0.0000s ]
SQL: UPDATE `sp_menu` SET `listorder`='1000' WHERE `id` = 479 [ RunTime:0.0000s ]
SQL: UPDATE `sp_menu` SET `listorder`='0' WHERE `id` = 523 [ RunTime:0.0000s ]
SQL: UPDATE `sp_menu` SET `listorder`='1000' WHERE `id` = 478 [ RunTime:0.0000s ]
SQL: UPDATE `sp_menu` SET `listorder`='0' WHERE `id` = 522 [ RunTime:0.0000s ]
SQL: UPDATE `sp_menu` SET `listorder`='0' WHERE `id` = 293 [ RunTime:0.0000s ]
SQL: UPDATE `sp_menu` SET `listorder`='0' WHERE `id` = 294 [ RunTime:0.0000s ]
SQL: UPDATE `sp_menu` SET `listorder`='0' WHERE `id` = 295 [ RunTime:0.0000s ]
SQL: UPDATE `sp_menu` SET `listorder`='0' WHERE `id` = 549 [ RunTime:0.0000s ]
SQL: UPDATE `sp_menu` SET `listorder`='1000' WHERE `id` = 441 [ RunTime:0.0000s ]
SQL: UPDATE `sp_menu` SET `listorder`='1000' WHERE `id` = 440 [ RunTime:0.0000s ]
SQL: UPDATE `sp_menu` SET `listorder`='0' WHERE `id` = 504 [ RunTime:0.0000s ]
SQL: UPDATE `sp_menu` SET `listorder`='1000' WHERE `id` = 439 [ RunTime:0.0000s ]
SQL: UPDATE `sp_menu` SET `listorder`='0' WHERE `id` = 503 [ RunTime:0.0000s ]
SQL: UPDATE `sp_menu` SET `listorder`='0' WHERE `id` = 296 [ RunTime:0.0000s ]
SQL: UPDATE `sp_menu` SET `listorder`='1000' WHERE `id` = 444 [ RunTime:0.0000s ]
SQL: UPDATE `sp_menu` SET `listorder`='1000' WHERE `id` = 443 [ RunTime:0.0000s ]
SQL: UPDATE `sp_menu` SET `listorder`='0' WHERE `id` = 506 [ RunTime:0.0000s ]
SQL: UPDATE `sp_menu` SET `listorder`='1000' WHERE `id` = 442 [ RunTime:0.0000s ]
SQL: UPDATE `sp_menu` SET `listorder`='0' WHERE `id` = 505 [ RunTime:0.0000s ]
SQL: UPDATE `sp_menu` SET `listorder`='0' WHERE `id` = 297 [ RunTime:0.0000s ]
SQL: UPDATE `sp_menu` SET `listorder`='0' WHERE `id` = 536 [ RunTime:0.0000s ]
SQL: UPDATE `sp_menu` SET `listorder`='0' WHERE `id` = 501 [ RunTime:0.0000s ]
SQL: UPDATE `sp_menu` SET `listorder`='0' WHERE `id` = 548 [ RunTime:0.0000s ]
SQL: UPDATE `sp_menu` SET `listorder`='1000' WHERE `id` = 436 [ RunTime:0.0000s ]
SQL: UPDATE `sp_menu` SET `listorder`='1000' WHERE `id` = 434 [ RunTime:0.0000s ]
SQL: UPDATE `sp_menu` SET `listorder`='0' WHERE `id` = 502 [ RunTime:0.0000s ]
SQL: UPDATE `sp_menu` SET `listorder`='1000' WHERE `id` = 433 [ RunTime:0.0000s ]
SQL: UPDATE `sp_menu` SET `listorder`='1000' WHERE `id` = 432 [ RunTime:0.0000s ]
SQL: UPDATE `sp_menu` SET `listorder`='10' WHERE `id` = 51 [ RunTime:0.0000s ]
SQL: UPDATE `sp_menu` SET `listorder`='0' WHERE `id` = 554 [ RunTime:0.0000s ]
SQL: UPDATE `sp_menu` SET `listorder`='0' WHERE `id` = 555 [ RunTime:0.0000s ]
SQL: UPDATE `sp_menu` SET `listorder`='0' WHERE `id` = 557 [ RunTime:0.0000s ]
SQL: UPDATE `sp_menu` SET `listorder`='0' WHERE `id` = 559 [ RunTime:0.0000s ]
SQL: UPDATE `sp_menu` SET `listorder`='0' WHERE `id` = 560 [ RunTime:0.0000s ]
SQL: UPDATE `sp_menu` SET `listorder`='1' WHERE `id` = 285 [ RunTime:0.0000s ]
SQL: UPDATE `sp_menu` SET `listorder`='0' WHERE `id` = 551 [ RunTime:0.0000s ]
SQL: UPDATE `sp_menu` SET `listorder`='1000' WHERE `id` = 456 [ RunTime:0.0000s ]
SQL: UPDATE `sp_menu` SET `listorder`='1000' WHERE `id` = 455 [ RunTime:0.0000s ]
SQL: UPDATE `sp_menu` SET `listorder`='1000' WHERE `id` = 454 [ RunTime:0.0000s ]
SQL: UPDATE `sp_menu` SET `listorder`='1000' WHERE `id` = 452 [ RunTime:0.0000s ]
SQL: UPDATE `sp_menu` SET `listorder`='0' WHERE `id` = 510 [ RunTime:0.0000s ]
SQL: UPDATE `sp_menu` SET `listorder`='1000' WHERE `id` = 451 [ RunTime:0.0000s ]
SQL: UPDATE `sp_menu` SET `listorder`='0' WHERE `id` = 509 [ RunTime:0.0000s ]
SQL: UPDATE `sp_menu` SET `listorder`='2' WHERE `id` = 245 [ RunTime:0.0000s ]
SQL: UPDATE `sp_menu` SET `listorder`='0' WHERE `id` = 553 [ RunTime:0.0000s ]
SQL: UPDATE `sp_menu` SET `listorder`='1000' WHERE `id` = 477 [ RunTime:0.0000s ]
SQL: UPDATE `sp_menu` SET `listorder`='1000' WHERE `id` = 476 [ RunTime:0.0000s ]
SQL: UPDATE `sp_menu` SET `listorder`='0' WHERE `id` = 521 [ RunTime:0.0000s ]
SQL: UPDATE `sp_menu` SET `listorder`='1000' WHERE `id` = 475 [ RunTime:0.0000s ]
SQL: UPDATE `sp_menu` SET `listorder`='0' WHERE `id` = 520 [ RunTime:0.0000s ]
SQL: UPDATE `sp_menu` SET `listorder`='3' WHERE `id` = 277 [ RunTime:0.0000s ]
SQL: UPDATE `sp_menu` SET `listorder`='0' WHERE `id` = 550 [ RunTime:0.0000s ]
SQL: UPDATE `sp_menu` SET `listorder`='1000' WHERE `id` = 448 [ RunTime:0.0000s ]
SQL: UPDATE `sp_menu` SET `listorder`='1000' WHERE `id` = 446 [ RunTime:0.0000s ]
SQL: UPDATE `sp_menu` SET `listorder`='0' WHERE `id` = 508 [ RunTime:0.0000s ]
SQL: UPDATE `sp_menu` SET `listorder`='1000' WHERE `id` = 445 [ RunTime:0.0000s ]
SQL: UPDATE `sp_menu` SET `listorder`='0' WHERE `id` = 507 [ RunTime:0.0000s ]
SQL: UPDATE `sp_menu` SET `listorder`='4' WHERE `id` = 300 [ RunTime:0.0000s ]
SQL: UPDATE `sp_menu` SET `listorder`='0' WHERE `id` = 302 [ RunTime:0.0000s ]
SQL: UPDATE `sp_menu` SET `listorder`='1000' WHERE `id` = 458 [ RunTime:0.0000s ]
SQL: UPDATE `sp_menu` SET `listorder`='1000' WHERE `id` = 457 [ RunTime:0.0000s ]
SQL: UPDATE `sp_menu` SET `listorder`='1' WHERE `id` = 301 [ RunTime:0.0000s ]
SQL: UPDATE `sp_menu` SET `listorder`='1000' WHERE `id` = 450 [ RunTime:0.0000s ]
SQL: UPDATE `sp_menu` SET `listorder`='1000' WHERE `id` = 449 [ RunTime:0.0000s ]
SQL: UPDATE `sp_menu` SET `listorder`='30' WHERE `id` = 260 [ RunTime:0.0000s ]
SQL: UPDATE `sp_menu` SET `listorder`='0' WHERE `id` = 319 [ RunTime:0.0000s ]
SQL: UPDATE `sp_menu` SET `listorder`='0' WHERE `id` = 421 [ RunTime:0.0000s ]
SQL: UPDATE `sp_menu` SET `listorder`='0' WHERE `id` = 496 [ RunTime:0.0000s ]
SQL: UPDATE `sp_menu` SET `listorder`='0' WHERE `id` = 546 [ RunTime:0.0000s ]
SQL: UPDATE `sp_menu` SET `listorder`='1000' WHERE `id` = 424 [ RunTime:0.0000s ]
SQL: UPDATE `sp_menu` SET `listorder`='1000' WHERE `id` = 423 [ RunTime:0.0000s ]
SQL: UPDATE `sp_menu` SET `listorder`='1000' WHERE `id` = 422 [ RunTime:0.0000s ]
SQL: UPDATE `sp_menu` SET `listorder`='0' WHERE `id` = 588 [ RunTime:0.0000s ]
SQL: UPDATE `sp_menu` SET `listorder`='1' WHERE `id` = 262 [ RunTime:0.0000s ]
SQL: UPDATE `sp_menu` SET `listorder`='0' WHERE `id` = 264 [ RunTime:0.0000s ]
SQL: UPDATE `sp_menu` SET `listorder`='0' WHERE `id` = 552 [ RunTime:0.0000s ]
SQL: UPDATE `sp_menu` SET `listorder`='1000' WHERE `id` = 471 [ RunTime:0.0000s ]
SQL: UPDATE `sp_menu` SET `listorder`='1000' WHERE `id` = 470 [ RunTime:0.0000s ]
SQL: UPDATE `sp_menu` SET `listorder`='0' WHERE `id` = 517 [ RunTime:0.0000s ]
SQL: UPDATE `sp_menu` SET `listorder`='1000' WHERE `id` = 469 [ RunTime:0.0000s ]
SQL: UPDATE `sp_menu` SET `listorder`='0' WHERE `id` = 516 [ RunTime:0.0000s ]
SQL: UPDATE `sp_menu` SET `listorder`='0' WHERE `id` = 268 [ RunTime:0.0000s ]
SQL: UPDATE `sp_menu` SET `listorder`='1000' WHERE `id` = 474 [ RunTime:0.0000s ]
SQL: UPDATE `sp_menu` SET `listorder`='1000' WHERE `id` = 473 [ RunTime:0.0000s ]
SQL: UPDATE `sp_menu` SET `listorder`='0' WHERE `id` = 519 [ RunTime:0.0000s ]
SQL: UPDATE `sp_menu` SET `listorder`='1000' WHERE `id` = 472 [ RunTime:0.0000s ]
SQL: UPDATE `sp_menu` SET `listorder`='0' WHERE `id` = 518 [ RunTime:0.0000s ]
SQL: UPDATE `sp_menu` SET `listorder`='2' WHERE `id` = 265 [ RunTime:0.0000s ]
SQL: UPDATE `sp_menu` SET `listorder`='1000' WHERE `id` = 420 [ RunTime:0.0000s ]
SQL: UPDATE `sp_menu` SET `listorder`='1000' WHERE `id` = 419 [ RunTime:0.0000s ]
SQL: UPDATE `sp_menu` SET `listorder`='0' WHERE `id` = 498 [ RunTime:0.0000s ]
SQL: UPDATE `sp_menu` SET `listorder`='1000' WHERE `id` = 418 [ RunTime:0.0000s ]
SQL: UPDATE `sp_menu` SET `listorder`='0' WHERE `id` = 497 [ RunTime:0.0000s ]
SQL: UPDATE `sp_menu` SET `listorder`='3' WHERE `id` = 270 [ RunTime:0.0000s ]
SQL: UPDATE `sp_menu` SET `listorder`='0' WHERE `id` = 547 [ RunTime:0.0000s ]
SQL: UPDATE `sp_menu` SET `listorder`='1000' WHERE `id` = 430 [ RunTime:0.0000s ]
SQL: UPDATE `sp_menu` SET `listorder`='1000' WHERE `id` = 429 [ RunTime:0.0000s ]
SQL: UPDATE `sp_menu` SET `listorder`='0' WHERE `id` = 500 [ RunTime:0.0000s ]
SQL: UPDATE `sp_menu` SET `listorder`='1000' WHERE `id` = 428 [ RunTime:0.0000s ]
SQL: UPDATE `sp_menu` SET `listorder`='0' WHERE `id` = 499 [ RunTime:0.0000s ]
SQL: UPDATE `sp_menu` SET `listorder`='4' WHERE `id` = 299 [ RunTime:0.0000s ]
SQL: UPDATE `sp_menu` SET `listorder`='0' WHERE `id` = 525 [ RunTime:0.0000s ]
NOTIC: [8] Undefined index: data E:\ThinkCMFX\application\Common\Controller\AppframeController.class.php 第 62 行.

