[ 2015-01-07T16:28:23+08:00 ] ::1 /index.php?g=Admin&m=public&a=dologin
INFO: [ app_begin ] --START--
INFO: Run Behavior\ReadHtmlCacheBehavior [ RunTime:0.000000s ]
INFO: Run Behavior\CheckLangBehavior [ RunTime:0.001000s ]
INFO: [ app_begin ] --END-- [ RunTime:0.002000s ]
SQL: SHOW COLUMNS FROM `sp_users` [ RunTime:0.0090s ]
SQL: SELECT * FROM `sp_users` WHERE `user_login` = 'admin' LIMIT 1   [ RunTime:0.0010s ]
SQL: UPDATE `sp_users` SET `user_login`='admin',`user_pass`='c535018ee946e10adc3949ba59abbe56e057f20f883e89af',`user_nicename`='admin',`user_email`='wangsong12332@sina.com',`user_url`='',`sex`='0',`last_login_ip`='0.0.0.0',`last_login_time`='2015-01-07 16:28:23',`create_time`='2015-01-07 04:24:04',`user_activation_key`='',`user_status`='1',`role_id`='1',`score`='0',`user_type`='1' WHERE `id` = '1' [ RunTime:0.0010s ]
NOTIC: [8] Undefined index: data E:\ThinkCMFX\application\Common\Controller\AppframeController.class.php 第 62 行.

[ 2015-01-07T16:29:18+08:00 ] ::1 /index.php?g=Admin&m=route&a=index
NOTIC: D方法实例化没找到模型类Common\Model\RouteModel

[ 2015-01-07T16:29:19+08:00 ] ::1 /index.php?g=Admin&m=route&a=add
NOTIC: D方法实例化没找到模型类Common\Model\RouteModel

[ 2015-01-07T16:30:17+08:00 ] ::1 /index.php?g=Admin&m=Rbac&a=roleadd_post
INFO: [ app_begin ] --START--
INFO: Run Behavior\ReadHtmlCacheBehavior [ RunTime:0.011001s ]
INFO: Run Behavior\CheckLangBehavior [ RunTime:0.004000s ]
INFO: [ app_begin ] --END-- [ RunTime:0.015001s ]
SQL: SHOW COLUMNS FROM `sp_users` [ RunTime:0.0110s ]
SQL: SELECT * FROM `sp_users` WHERE ( id=1 ) LIMIT 1   [ RunTime:0.0010s ]
SQL: SHOW COLUMNS FROM `sp_role` [ RunTime:0.0100s ]
SQL: INSERT INTO `sp_role` (`name`,`remark`,`status`) VALUES ('教育厅','教育厅','1') [ RunTime:0.0010s ]
NOTIC: [8] Undefined index: data E:\ThinkCMFX\application\Common\Controller\AppframeController.class.php 第 62 行.

[ 2015-01-07T16:33:24+08:00 ] ::1 /index.php?g=Admin&m=User&a=add_post
INFO: [ app_begin ] --START--
INFO: Run Behavior\ReadHtmlCacheBehavior [ RunTime:0.001000s ]
INFO: Run Behavior\CheckLangBehavior [ RunTime:0.003000s ]
INFO: [ app_begin ] --END-- [ RunTime:0.005000s ]
SQL: SHOW COLUMNS FROM `sp_users` [ RunTime:0.0140s ]
SQL: SELECT * FROM `sp_users` WHERE ( id=1 ) LIMIT 1   [ RunTime:0.0000s ]
SQL: SHOW COLUMNS FROM `sp_users` [ RunTime:0.0140s ]
SQL: SHOW COLUMNS FROM `sp_role` [ RunTime:0.0130s ]
SQL: SELECT * FROM `sp_users` WHERE `user_login` = '汪松' LIMIT 1   [ RunTime:0.0010s ]
SQL: SELECT * FROM `sp_users` WHERE `user_email` = '' LIMIT 1   [ RunTime:0.0010s ]
NOTIC: [8] Undefined index: data E:\ThinkCMFX\application\Common\Controller\AppframeController.class.php 第 62 行.

[ 2015-01-07T16:33:30+08:00 ] ::1 /index.php?g=Admin&m=User&a=add_post
INFO: [ app_begin ] --START--
INFO: Run Behavior\ReadHtmlCacheBehavior [ RunTime:0.001000s ]
INFO: Run Behavior\CheckLangBehavior [ RunTime:0.002001s ]
INFO: [ app_begin ] --END-- [ RunTime:0.003001s ]
SQL: SHOW COLUMNS FROM `sp_users` [ RunTime:0.0210s ]
SQL: SELECT * FROM `sp_users` WHERE ( id=1 ) LIMIT 1   [ RunTime:0.0010s ]
SQL: SHOW COLUMNS FROM `sp_users` [ RunTime:0.0100s ]
SQL: SHOW COLUMNS FROM `sp_role` [ RunTime:0.0120s ]
SQL: SELECT * FROM `sp_users` WHERE `user_login` = '汪松' LIMIT 1   [ RunTime:0.0000s ]
SQL: SELECT * FROM `sp_users` WHERE `user_email` = 'wangsong1233276@sina.com' LIMIT 1   [ RunTime:0.0000s ]
SQL: INSERT INTO `sp_users` (`user_login`,`user_pass`,`user_email`,`role_id`) VALUES ('汪松','c535018ee946202cb962ac59075b964b07152d234b7089af','wangsong1233276@sina.com','2') [ RunTime:0.0010s ]
NOTIC: [8] Undefined index: data E:\ThinkCMFX\application\Common\Controller\AppframeController.class.php 第 62 行.

[ 2015-01-07T16:37:06+08:00 ] ::1 /index.php?g=Admin&m=public&a=dologin
INFO: [ app_begin ] --START--
INFO: Run Behavior\ReadHtmlCacheBehavior [ RunTime:0.001000s ]
INFO: Run Behavior\CheckLangBehavior [ RunTime:0.002000s ]
INFO: [ app_begin ] --END-- [ RunTime:0.004000s ]
SQL: SHOW COLUMNS FROM `sp_users` [ RunTime:0.0100s ]
SQL: SELECT * FROM `sp_users` WHERE `user_login` = '汪松' LIMIT 1   [ RunTime:0.0000s ]
NOTIC: [8] Undefined index: data E:\ThinkCMFX\application\Common\Controller\AppframeController.class.php 第 62 行.

[ 2015-01-07T16:37:12+08:00 ] ::1 /index.php?g=Admin&m=public&a=dologin
INFO: [ app_begin ] --START--
INFO: Run Behavior\ReadHtmlCacheBehavior [ RunTime:0.000000s ]
INFO: Run Behavior\CheckLangBehavior [ RunTime:0.002000s ]
INFO: [ app_begin ] --END-- [ RunTime:0.003000s ]
SQL: SHOW COLUMNS FROM `sp_users` [ RunTime:0.0070s ]
SQL: SELECT * FROM `sp_users` WHERE `user_login` = '汪松' LIMIT 1   [ RunTime:0.0010s ]
SQL: UPDATE `sp_users` SET `user_login`='汪松',`user_pass`='c535018ee946202cb962ac59075b964b07152d234b7089af',`user_nicename`='',`user_email`='wangsong1233276@sina.com',`user_url`='',`sex`='0',`last_login_ip`='0.0.0.0',`last_login_time`='2015-01-07 16:37:12',`create_time`='0000-00-00 00:00:00',`user_activation_key`='',`user_status`='1',`role_id`='2',`score`='0',`user_type`='1' WHERE `id` = '2' [ RunTime:0.0010s ]
NOTIC: [8] Undefined index: data E:\ThinkCMFX\application\Common\Controller\AppframeController.class.php 第 62 行.

[ 2015-01-07T16:37:46+08:00 ] ::1 /index.php?g=Admin&m=public&a=dologin
INFO: [ app_begin ] --START--
INFO: Run Behavior\ReadHtmlCacheBehavior [ RunTime:0.001000s ]
INFO: Run Behavior\CheckLangBehavior [ RunTime:0.001000s ]
INFO: [ app_begin ] --END-- [ RunTime:0.002000s ]
NOTIC: [8] Undefined index: data E:\ThinkCMFX\application\Common\Controller\AppframeController.class.php 第 62 行.

[ 2015-01-07T16:37:51+08:00 ] ::1 /index.php?g=Admin&m=public&a=dologin
INFO: [ app_begin ] --START--
INFO: Run Behavior\ReadHtmlCacheBehavior [ RunTime:0.001001s ]
INFO: Run Behavior\CheckLangBehavior [ RunTime:0.001000s ]
INFO: [ app_begin ] --END-- [ RunTime:0.002001s ]
SQL: SHOW COLUMNS FROM `sp_users` [ RunTime:0.0080s ]
SQL: SELECT * FROM `sp_users` WHERE `user_login` = '汪松' LIMIT 1   [ RunTime:0.0000s ]
SQL: UPDATE `sp_users` SET `user_login`='汪松',`user_pass`='c535018ee946202cb962ac59075b964b07152d234b7089af',`user_nicename`='',`user_email`='wangsong1233276@sina.com',`user_url`='',`sex`='0',`last_login_ip`='0.0.0.0',`last_login_time`='2015-01-07 16:37:51',`create_time`='0000-00-00 00:00:00',`user_activation_key`='',`user_status`='1',`role_id`='2',`score`='0',`user_type`='1' WHERE `id` = '2' [ RunTime:0.0000s ]
NOTIC: [8] Undefined index: data E:\ThinkCMFX\application\Common\Controller\AppframeController.class.php 第 62 行.

[ 2015-01-07T16:38:22+08:00 ] ::1 /index.php?g=Admin&m=public&a=dologin
INFO: [ app_begin ] --START--
INFO: Run Behavior\ReadHtmlCacheBehavior [ RunTime:0.000000s ]
INFO: Run Behavior\CheckLangBehavior [ RunTime:0.002000s ]
INFO: [ app_begin ] --END-- [ RunTime:0.003000s ]
SQL: SHOW COLUMNS FROM `sp_users` [ RunTime:0.0100s ]
SQL: SELECT * FROM `sp_users` WHERE `user_login` = '汪松' LIMIT 1   [ RunTime:0.0010s ]
SQL: UPDATE `sp_users` SET `user_login`='汪松',`user_pass`='c535018ee946202cb962ac59075b964b07152d234b7089af',`user_nicename`='',`user_email`='wangsong1233276@sina.com',`user_url`='',`sex`='0',`last_login_ip`='0.0.0.0',`last_login_time`='2015-01-07 16:38:22',`create_time`='0000-00-00 00:00:00',`user_activation_key`='',`user_status`='1',`role_id`='2',`score`='0',`user_type`='1' WHERE `id` = '2' [ RunTime:0.0000s ]
NOTIC: [8] Undefined index: data E:\ThinkCMFX\application\Common\Controller\AppframeController.class.php 第 62 行.

