[ 2015-01-15T15:41:18+08:00 ] ::1 /index.php?g=User&m=indexadmin&a=cancelban&id=3
INFO: [ app_begin ] --START--
INFO: Run Behavior\ReadHtmlCacheBehavior [ RunTime:0.000000s ]
INFO: Run Behavior\CheckLangBehavior [ RunTime:0.001000s ]
INFO: [ app_begin ] --END-- [ RunTime:0.002000s ]
SQL: SHOW COLUMNS FROM `sp_users` [ RunTime:0.0000s ]
SQL: SELECT * FROM `sp_users` WHERE ( id=1 ) LIMIT 1   [ RunTime:0.0000s ]
SQL: UPDATE `sp_users` SET `user_status`='1' WHERE `id` = 3 AND `user_type` = 2 [ RunTime:0.0000s ]
NOTIC: [8] Undefined index: data E:\ThinkCMFX\application\Common\Controller\AppframeController.class.php 第 62 行.

[ 2015-01-15T15:41:23+08:00 ] ::1 /index.php?g=User&m=indexadmin&a=cancelban&id=3
INFO: [ app_begin ] --START--
INFO: Run Behavior\ReadHtmlCacheBehavior [ RunTime:0.000000s ]
INFO: Run Behavior\CheckLangBehavior [ RunTime:0.001000s ]
INFO: [ app_begin ] --END-- [ RunTime:0.002000s ]
SQL: SHOW COLUMNS FROM `sp_users` [ RunTime:0.0060s ]
SQL: SELECT * FROM `sp_users` WHERE ( id=1 ) LIMIT 1   [ RunTime:0.0000s ]
SQL: UPDATE `sp_users` SET `user_status`='1' WHERE `id` = 3 AND `user_type` = 2 [ RunTime:0.0000s ]
NOTIC: [8] Undefined index: data E:\ThinkCMFX\application\Common\Controller\AppframeController.class.php 第 62 行.

[ 2015-01-15T15:41:36+08:00 ] ::1 /index.php?g=User&m=indexadmin&a=cancelban&id=3
INFO: [ app_begin ] --START--
INFO: Run Behavior\ReadHtmlCacheBehavior [ RunTime:0.000000s ]
INFO: Run Behavior\CheckLangBehavior [ RunTime:0.001000s ]
INFO: [ app_begin ] --END-- [ RunTime:0.002000s ]
SQL: SHOW COLUMNS FROM `sp_users` [ RunTime:0.0290s ]
SQL: SELECT * FROM `sp_users` WHERE ( id=1 ) LIMIT 1   [ RunTime:0.0000s ]
SQL: UPDATE `sp_users` SET `user_status`='1' WHERE `id` = 3 AND `user_type` = 2 [ RunTime:0.0000s ]
NOTIC: [8] Undefined index: data E:\ThinkCMFX\application\Common\Controller\AppframeController.class.php 第 62 行.

[ 2015-01-15T15:41:43+08:00 ] ::1 /index.php?g=User&m=indexadmin&a=ban&id=3
INFO: [ app_begin ] --START--
INFO: Run Behavior\ReadHtmlCacheBehavior [ RunTime:0.000000s ]
INFO: Run Behavior\CheckLangBehavior [ RunTime:0.002000s ]
INFO: [ app_begin ] --END-- [ RunTime:0.003000s ]
SQL: SHOW COLUMNS FROM `sp_users` [ RunTime:0.0000s ]
SQL: SELECT * FROM `sp_users` WHERE ( id=1 ) LIMIT 1   [ RunTime:0.0000s ]
SQL: UPDATE `sp_users` SET `user_status`='0' WHERE `id` = 3 AND `user_type` = 2 [ RunTime:0.0000s ]
NOTIC: [8] Undefined index: data E:\ThinkCMFX\application\Common\Controller\AppframeController.class.php 第 62 行.

[ 2015-01-15T15:41:46+08:00 ] ::1 /index.php?g=User&m=indexadmin&a=cancelban&id=3
INFO: [ app_begin ] --START--
INFO: Run Behavior\ReadHtmlCacheBehavior [ RunTime:0.000000s ]
INFO: Run Behavior\CheckLangBehavior [ RunTime:0.001000s ]
INFO: [ app_begin ] --END-- [ RunTime:0.002000s ]
SQL: SHOW COLUMNS FROM `sp_users` [ RunTime:0.0050s ]
SQL: SELECT * FROM `sp_users` WHERE ( id=1 ) LIMIT 1   [ RunTime:0.0000s ]
SQL: UPDATE `sp_users` SET `user_status`='1' WHERE `id` = 3 AND `user_type` = 2 [ RunTime:0.0010s ]
NOTIC: [8] Undefined index: data E:\ThinkCMFX\application\Common\Controller\AppframeController.class.php 第 62 行.

[ 2015-01-15T17:09:24+08:00 ] ::1 /index.php?g=User&m=indexadmin&a=ban&id=4
INFO: [ app_begin ] --START--
INFO: Run Behavior\ReadHtmlCacheBehavior [ RunTime:0.000000s ]
INFO: Run Behavior\CheckLangBehavior [ RunTime:0.000000s ]
INFO: [ app_begin ] --END-- [ RunTime:0.000000s ]
SQL: SHOW COLUMNS FROM `sp_users` [ RunTime:0.0000s ]
SQL: SELECT * FROM `sp_users` WHERE ( id=1 ) LIMIT 1   [ RunTime:0.0000s ]
SQL: UPDATE `sp_users` SET `user_status`='0' WHERE `id` = 4 AND `user_type` = 2 [ RunTime:0.0000s ]
NOTIC: [8] Undefined index: data E:\ThinkCMFX\application\Common\Controller\AppframeController.class.php 第 62 行.

[ 2015-01-15T17:10:05+08:00 ] ::1 /index.php?g=User&m=indexadmin&a=cancelban&id=4
INFO: [ app_begin ] --START--
INFO: Run Behavior\ReadHtmlCacheBehavior [ RunTime:0.001000s ]
INFO: Run Behavior\CheckLangBehavior [ RunTime:0.000000s ]
INFO: [ app_begin ] --END-- [ RunTime:0.001000s ]
SQL: SHOW COLUMNS FROM `sp_users` [ RunTime:0.0120s ]
SQL: SELECT * FROM `sp_users` WHERE ( id=1 ) LIMIT 1   [ RunTime:0.0010s ]
SQL: UPDATE `sp_users` SET `user_status`='1' WHERE `id` = 4 AND `user_type` = 2 [ RunTime:0.0010s ]
NOTIC: [8] Undefined index: data E:\ThinkCMFX\application\Common\Controller\AppframeController.class.php 第 62 行.

