[ 2015-01-15T10:33:44+08:00 ] ::1 /tpl/simplebootx//Public/images/headicon.png
ERR: 无法加载模块:Tpl

[ 2015-01-15T11:07:52+08:00 ] ::1 /tpl/simplebootx//Public/images/headicon.png
ERR: 无法加载模块:Tpl

[ 2015-01-15T14:11:17+08:00 ] ::1 /tpl/simplebootx//Public/images/headicon.png
ERR: 无法加载模块:Tpl

[ 2015-01-15T14:11:20+08:00 ] ::1 /tpl/simplebootx//Public/images/headicon.png
ERR: 无法加载模块:Tpl

[ 2015-01-15T14:11:24+08:00 ] ::1 /tpl/simplebootx//Public/images/headicon.png
ERR: 无法加载模块:Tpl

[ 2015-01-15T14:11:25+08:00 ] ::1 /tpl/simplebootx//Public/images/headicon.png
ERR: 无法加载模块:Tpl

[ 2015-01-15T14:14:13+08:00 ] ::1 /tpl/simplebootx//Public/images/headicon.png
ERR: 无法加载模块:Tpl

[ 2015-01-15T14:14:14+08:00 ] ::1 /tpl/simplebootx//Public/images/headicon.png
ERR: 无法加载模块:Tpl

[ 2015-01-15T14:14:26+08:00 ] ::1 /tpl/simplebootx//Public/images/headicon.png
ERR: 无法加载模块:Tpl

[ 2015-01-15T14:14:31+08:00 ] ::1 /tpl/simplebootx//Public/images/headicon.png
ERR: 无法加载模块:Tpl

[ 2015-01-15T14:17:30+08:00 ] ::1 /tpl/simplebootx//Public/images/headicon.png
ERR: 无法加载模块:Tpl

[ 2015-01-15T14:17:56+08:00 ] ::1 /tpl/simplebootx//Public/images/headicon.png
ERR: 无法加载模块:Tpl

[ 2015-01-15T14:17:56+08:00 ] ::1 /tpl/simplebootx//Public/images/headicon.png
ERR: 无法加载模块:Tpl

[ 2015-01-15T14:19:23+08:00 ] ::1 /tpl/simplebootx//Public/images/headicon.png
ERR: 无法加载模块:Tpl

[ 2015-01-15T14:19:26+08:00 ] ::1 /tpl/simplebootx//Public/images/headicon.png
ERR: 无法加载模块:Tpl

[ 2015-01-15T14:19:29+08:00 ] ::1 /tpl/simplebootx//Public/images/headicon.png
ERR: 无法加载模块:Tpl

[ 2015-01-15T14:26:58+08:00 ] ::1 /tpl/simplebootx//Public/images/headicon.png
ERR: 无法加载模块:Tpl

[ 2015-01-15T14:27:02+08:00 ] ::1 /tpl/simplebootx//Public/images/headicon.png
ERR: 无法加载模块:Tpl

[ 2015-01-15T14:27:03+08:00 ] ::1 /tpl/simplebootx//Public/images/headicon.png
ERR: 无法加载模块:Tpl

[ 2015-01-15T14:34:43+08:00 ] ::1 /tpl/simplebootx//Public/images/headicon.png
ERR: 无法加载模块:Tpl

[ 2015-01-15T14:34:43+08:00 ] ::1 /tpl/simplebootx//Public/images/headicon.png
ERR: 无法加载模块:Tpl

[ 2015-01-15T14:34:47+08:00 ] ::1 /tpl/simplebootx//Public/images/headicon.png
ERR: 无法加载模块:Tpl

[ 2015-01-15T14:41:12+08:00 ] ::1 /tpl/simplebootx//Public/images/headicon.png
ERR: 无法加载模块:Tpl

[ 2015-01-15T14:41:13+08:00 ] ::1 /tpl/simplebootx//Public/images/headicon.png
ERR: 无法加载模块:Tpl

[ 2015-01-15T14:41:30+08:00 ] ::1 /tpl/simplebootx//Public/images/headicon.png
ERR: 无法加载模块:Tpl

[ 2015-01-15T14:41:31+08:00 ] ::1 /tpl/simplebootx//Public/images/headicon.png
ERR: 无法加载模块:Tpl

[ 2015-01-15T15:00:03+08:00 ] ::1 /tpl/simplebootx//Public/images/headicon.png
ERR: 无法加载模块:Tpl

[ 2015-01-15T15:00:23+08:00 ] ::1 /tpl/simplebootx//Public/images/headicon.png
ERR: 无法加载模块:Tpl

[ 2015-01-15T15:00:23+08:00 ] ::1 /tpl/simplebootx//Public/images/headicon.png
ERR: 无法加载模块:Tpl

[ 2015-01-15T15:00:28+08:00 ] ::1 /tpl/simplebootx//Public/images/headicon.png
ERR: 无法加载模块:Tpl

[ 2015-01-15T15:00:28+08:00 ] ::1 /tpl/simplebootx//Public/images/headicon.png
ERR: 无法加载模块:Tpl

[ 2015-01-15T15:00:42+08:00 ] ::1 /tpl/simplebootx//Public/images/headicon.png
ERR: 无法加载模块:Tpl

[ 2015-01-15T15:00:42+08:00 ] ::1 /tpl/simplebootx//Public/images/headicon.png
ERR: 无法加载模块:Tpl

[ 2015-01-15T15:00:58+08:00 ] ::1 /tpl/simplebootx//Public/images/headicon.png
ERR: 无法加载模块:Tpl

[ 2015-01-15T15:01:01+08:00 ] ::1 /tpl/simplebootx//Public/images/headicon.png
ERR: 无法加载模块:Tpl

[ 2015-01-15T15:01:02+08:00 ] ::1 /tpl/simplebootx//Public/images/headicon.png
ERR: 无法加载模块:Tpl

[ 2015-01-15T15:01:04+08:00 ] ::1 /tpl/simplebootx//Public/images/headicon.png
ERR: 无法加载模块:Tpl

[ 2015-01-15T15:01:05+08:00 ] ::1 /tpl/simplebootx//Public/images/headicon.png
ERR: 无法加载模块:Tpl

[ 2015-01-15T15:01:06+08:00 ] ::1 /tpl/simplebootx//Public/images/headicon.png
ERR: 无法加载模块:Tpl

[ 2015-01-15T15:01:07+08:00 ] ::1 /tpl/simplebootx//Public/images/headicon.png
ERR: 无法加载模块:Tpl

[ 2015-01-15T15:01:19+08:00 ] ::1 /tpl/simplebootx//Public/images/headicon.png
ERR: 无法加载模块:Tpl

[ 2015-01-15T15:01:19+08:00 ] ::1 /tpl/simplebootx//Public/images/headicon.png
ERR: 无法加载模块:Tpl

[ 2015-01-15T15:01:21+08:00 ] ::1 /tpl/simplebootx//Public/images/headicon.png
ERR: 无法加载模块:Tpl

[ 2015-01-15T15:01:21+08:00 ] ::1 /tpl/simplebootx//Public/images/headicon.png
ERR: 无法加载模块:Tpl

[ 2015-01-15T15:01:32+08:00 ] ::1 /tpl/simplebootx//Public/images/headicon.png
ERR: 无法加载模块:Tpl

[ 2015-01-15T15:01:32+08:00 ] ::1 /tpl/simplebootx//Public/images/headicon.png
ERR: 无法加载模块:Tpl

[ 2015-01-15T15:01:34+08:00 ] ::1 /tpl/simplebootx//Public/images/headicon.png
ERR: 无法加载模块:Tpl

[ 2015-01-15T15:01:36+08:00 ] ::1 /tpl/simplebootx//Public/images/headicon.png
ERR: 无法加载模块:Tpl

[ 2015-01-15T15:01:38+08:00 ] ::1 /tpl/simplebootx//Public/images/headicon.png
ERR: 无法加载模块:Tpl

[ 2015-01-15T15:01:39+08:00 ] ::1 /tpl/simplebootx//Public/images/headicon.png
ERR: 无法加载模块:Tpl

[ 2015-01-15T15:01:41+08:00 ] ::1 /tpl/simplebootx//Public/images/headicon.png
ERR: 无法加载模块:Tpl

[ 2015-01-15T15:01:42+08:00 ] ::1 /tpl/simplebootx//Public/images/headicon.png
ERR: 无法加载模块:Tpl

[ 2015-01-15T15:01:44+08:00 ] ::1 /tpl/simplebootx//Public/images/headicon.png
ERR: 无法加载模块:Tpl

[ 2015-01-15T15:01:45+08:00 ] ::1 /tpl/simplebootx//Public/images/headicon.png
ERR: 无法加载模块:Tpl

[ 2015-01-15T15:07:57+08:00 ] ::1 /tpl/simplebootx/Public/simpleboot/bootstrap/js/bootstrap.min.js
ERR: 无法加载模块:Tpl

[ 2015-01-15T15:07:57+08:00 ] ::1 /tpl/simplebootx/Public/images/logo.png
ERR: 无法加载模块:Tpl

[ 2015-01-15T15:07:57+08:00 ] ::1 /tpl/simplebootx//Public/images/headicon.png
ERR: 无法加载模块:Tpl

[ 2015-01-15T15:07:58+08:00 ] ::1 /tpl/simplebootx/Public/images/logo.png
ERR: 无法加载模块:Tpl

[ 2015-01-15T15:07:58+08:00 ] ::1 /tpl/simplebootx//Public/images/headicon.png
ERR: 无法加载模块:Tpl

[ 2015-01-15T15:08:17+08:00 ] ::1 /tpl/simplebootx/Public/simpleboot/bootstrap/js/bootstrap.min.js
ERR: 无法加载模块:Tpl

[ 2015-01-15T15:08:17+08:00 ] ::1 /tpl/simplebootx/Public/images/logo.png
ERR: 无法加载模块:Tpl

[ 2015-01-15T15:08:17+08:00 ] ::1 /tpl/simplebootx//Public/images/headicon.png
ERR: 无法加载模块:Tpl

[ 2015-01-15T15:08:17+08:00 ] ::1 /tpl/simplebootx/Public/images/logo.png
ERR: 无法加载模块:Tpl

[ 2015-01-15T15:08:17+08:00 ] ::1 /tpl/simplebootx//Public/images/headicon.png
ERR: 无法加载模块:Tpl

[ 2015-01-15T15:08:40+08:00 ] ::1 /tpl/simplebootx/Public/images/logo.png
ERR: 无法加载模块:Tpl

[ 2015-01-15T15:08:40+08:00 ] ::1 /tpl/simplebootx/Public/simpleboot/bootstrap/js/bootstrap.min.js
ERR: 无法加载模块:Tpl

[ 2015-01-15T15:08:41+08:00 ] ::1 /tpl/simplebootx//Public/images/headicon.png
ERR: 无法加载模块:Tpl

[ 2015-01-15T15:08:41+08:00 ] ::1 /tpl/simplebootx/Public/images/logo.png
ERR: 无法加载模块:Tpl

[ 2015-01-15T15:08:41+08:00 ] ::1 /tpl/simplebootx//Public/images/headicon.png
ERR: 无法加载模块:Tpl

[ 2015-01-15T15:17:38+08:00 ] ::1 /tpl/simplebootx/Public/simpleboot/bootstrap/js/bootstrap.min.js
ERR: 无法加载模块:Tpl

[ 2015-01-15T15:17:38+08:00 ] ::1 /tpl/simplebootx/Public/simpleboot/bootstrap/js/bootstrap.min.js
ERR: 无法加载模块:Tpl

[ 2015-01-15T15:30:16+08:00 ] ::1 /tpl/simplebootx/Public/images/logo.png
ERR: 无法加载模块:Tpl

[ 2015-01-15T15:30:16+08:00 ] ::1 /tpl/simplebootx//Public/images/headicon.png
ERR: 无法加载模块:Tpl

[ 2015-01-15T15:30:25+08:00 ] ::1 /tpl/simplebootx/Public/images/logo.png
ERR: 无法加载模块:Tpl

[ 2015-01-15T15:30:25+08:00 ] ::1 /tpl/simplebootx//Public/images/headicon.png
ERR: 无法加载模块:Tpl

[ 2015-01-15T15:30:26+08:00 ] ::1 /tpl/simplebootx/Public/images/logo.png
ERR: 无法加载模块:Tpl

[ 2015-01-15T15:30:26+08:00 ] ::1 /tpl/simplebootx//Public/images/headicon.png
ERR: 无法加载模块:Tpl

[ 2015-01-15T15:30:52+08:00 ] ::1 /tpl/simplebootx/Public/images/logo.png
ERR: 无法加载模块:Tpl

[ 2015-01-15T15:30:52+08:00 ] ::1 /tpl/simplebootx//Public/images/headicon.png
ERR: 无法加载模块:Tpl

[ 2015-01-15T15:30:52+08:00 ] ::1 /tpl/simplebootx/Public/images/logo.png
ERR: 无法加载模块:Tpl

[ 2015-01-15T15:30:52+08:00 ] ::1 /tpl/simplebootx//Public/images/headicon.png
ERR: 无法加载模块:Tpl

[ 2015-01-15T15:30:55+08:00 ] ::1 /tpl/simplebootx/Public/images/logo.png
ERR: 无法加载模块:Tpl

[ 2015-01-15T15:30:55+08:00 ] ::1 /tpl/simplebootx//Public/images/headicon.png
ERR: 无法加载模块:Tpl

[ 2015-01-15T15:30:55+08:00 ] ::1 /tpl/simplebootx/Public/images/logo.png
ERR: 无法加载模块:Tpl

[ 2015-01-15T15:30:55+08:00 ] ::1 /tpl/simplebootx//Public/images/headicon.png
ERR: 无法加载模块:Tpl

[ 2015-01-15T15:42:45+08:00 ] ::1 /tpl/simplebootx/Public/images/logo.png
ERR: 无法加载模块:Tpl

[ 2015-01-15T15:42:45+08:00 ] ::1 /tpl/simplebootx/Public/simpleboot/bootstrap/js/bootstrap.min.js
ERR: 无法加载模块:Tpl

[ 2015-01-15T15:42:45+08:00 ] ::1 /tpl/simplebootx//Public/images/headicon.png
ERR: 无法加载模块:Tpl

[ 2015-01-15T15:43:06+08:00 ] ::1 /tpl/simplebootx/Public/simpleboot/bootstrap/js/bootstrap.min.js
ERR: 无法加载模块:Tpl

[ 2015-01-15T15:46:46+08:00 ] ::1 /tpl/simplebootx/Public/images/logo.png
ERR: 无法加载模块:Tpl

[ 2015-01-15T15:46:46+08:00 ] ::1 /tpl/simplebootx//Public/images/headicon.png
ERR: 无法加载模块:Tpl

[ 2015-01-15T15:47:21+08:00 ] ::1 /tpl/simplebootx/Public/images/logo.png
ERR: 无法加载模块:Tpl

[ 2015-01-15T15:47:21+08:00 ] ::1 /tpl/simplebootx/Public/simpleboot/bootstrap/js/bootstrap.min.js
ERR: 无法加载模块:Tpl

[ 2015-01-15T15:47:21+08:00 ] ::1 /tpl/simplebootx//Public/images/headicon.png
ERR: 无法加载模块:Tpl

[ 2015-01-15T15:47:21+08:00 ] ::1 /tpl/simplebootx//Public/images/headicon_128.png
ERR: 无法加载模块:Tpl

[ 2015-01-15T15:47:38+08:00 ] ::1 /tpl/simplebootx/Public/images/logo.png
ERR: 无法加载模块:Tpl

[ 2015-01-15T15:47:38+08:00 ] ::1 /tpl/simplebootx/Public/simpleboot/bootstrap/js/bootstrap.min.js
ERR: 无法加载模块:Tpl

[ 2015-01-15T15:47:38+08:00 ] ::1 /tpl/simplebootx//Public/images/headicon.png
ERR: 无法加载模块:Tpl

[ 2015-01-15T15:47:38+08:00 ] ::1 /tpl/simplebootx//Public/images/headicon_128.png
ERR: 无法加载模块:Tpl

[ 2015-01-15T15:47:38+08:00 ] ::1 /tpl/simplebootx/Public/images/logo.png
ERR: 无法加载模块:Tpl

[ 2015-01-15T15:47:38+08:00 ] ::1 /tpl/simplebootx//Public/images/headicon_128.png
ERR: 无法加载模块:Tpl

[ 2015-01-15T15:47:38+08:00 ] ::1 /tpl/simplebootx//Public/images/headicon.png
ERR: 无法加载模块:Tpl

[ 2015-01-15T15:47:47+08:00 ] ::1 /tpl/simplebootx/Public/simpleboot/bootstrap/js/bootstrap.min.js
ERR: 无法加载模块:Tpl

[ 2015-01-15T15:47:47+08:00 ] ::1 /tpl/simplebootx/Public/images/logo.png
ERR: 无法加载模块:Tpl

[ 2015-01-15T15:47:47+08:00 ] ::1 /tpl/simplebootx//Public/images/headicon_128.png
ERR: 无法加载模块:Tpl

[ 2015-01-15T15:47:47+08:00 ] ::1 /tpl/simplebootx//Public/images/headicon.png
ERR: 无法加载模块:Tpl

[ 2015-01-15T15:47:56+08:00 ] ::1 /tpl/simplebootx/Public/images/logo.png
ERR: 无法加载模块:Tpl

[ 2015-01-15T15:47:56+08:00 ] ::1 /tpl/simplebootx/Public/simpleboot/bootstrap/js/bootstrap.min.js
ERR: 无法加载模块:Tpl

[ 2015-01-15T15:47:56+08:00 ] ::1 /tpl/simplebootx//Public/images/headicon.png
ERR: 无法加载模块:Tpl

[ 2015-01-15T15:47:56+08:00 ] ::1 /tpl/simplebootx//Public/images/headicon_128.png
ERR: 无法加载模块:Tpl

[ 2015-01-15T15:47:56+08:00 ] ::1 /tpl/simplebootx//Public/images/headicon.png
ERR: 无法加载模块:Tpl

[ 2015-01-15T15:47:56+08:00 ] ::1 /tpl/simplebootx/Public/images/logo.png
ERR: 无法加载模块:Tpl

[ 2015-01-15T15:47:56+08:00 ] ::1 /tpl/simplebootx//Public/images/headicon_128.png
ERR: 无法加载模块:Tpl

[ 2015-01-15T15:47:59+08:00 ] ::1 /tpl/simplebootx/Public/images/logo.png
ERR: 无法加载模块:Tpl

[ 2015-01-15T15:47:59+08:00 ] ::1 /tpl/simplebootx//Public/images/headicon_128.png
ERR: 无法加载模块:Tpl

[ 2015-01-15T15:47:59+08:00 ] ::1 /tpl/simplebootx//Public/images/headicon.png
ERR: 无法加载模块:Tpl

[ 2015-01-15T15:47:59+08:00 ] ::1 /tpl/simplebootx/Public/simpleboot/bootstrap/js/bootstrap.min.js
ERR: 无法加载模块:Tpl

[ 2015-01-15T15:47:59+08:00 ] ::1 /tpl/simplebootx/Public/images/logo.png
ERR: 无法加载模块:Tpl

[ 2015-01-15T15:47:59+08:00 ] ::1 /tpl/simplebootx//Public/images/headicon.png
ERR: 无法加载模块:Tpl

[ 2015-01-15T15:47:59+08:00 ] ::1 /tpl/simplebootx//Public/images/headicon_128.png
ERR: 无法加载模块:Tpl

[ 2015-01-15T15:48:02+08:00 ] ::1 /tpl/simplebootx/Public/simpleboot/bootstrap/js/bootstrap.min.js
ERR: 无法加载模块:Tpl

[ 2015-01-15T15:48:02+08:00 ] ::1 /tpl/simplebootx/Public/images/logo.png
ERR: 无法加载模块:Tpl

[ 2015-01-15T15:48:02+08:00 ] ::1 /tpl/simplebootx//Public/images/headicon.png
ERR: 无法加载模块:Tpl

[ 2015-01-15T15:48:02+08:00 ] ::1 /tpl/simplebootx//Public/images/headicon_128.png
ERR: 无法加载模块:Tpl

[ 2015-01-15T15:48:06+08:00 ] ::1 /tpl/simplebootx/Public/simpleboot/bootstrap/js/bootstrap.min.js
ERR: 无法加载模块:Tpl

[ 2015-01-15T15:48:06+08:00 ] ::1 /tpl/simplebootx/Public/images/logo.png
ERR: 无法加载模块:Tpl

[ 2015-01-15T15:48:06+08:00 ] ::1 /tpl/simplebootx//Public/images/headicon.png
ERR: 无法加载模块:Tpl

[ 2015-01-15T15:48:06+08:00 ] ::1 /tpl/simplebootx//Public/images/headicon_128.png
ERR: 无法加载模块:Tpl

[ 2015-01-15T15:48:07+08:00 ] ::1 /tpl/simplebootx//Public/images/headicon.png
ERR: 无法加载模块:Tpl

[ 2015-01-15T15:48:07+08:00 ] ::1 /tpl/simplebootx/Public/images/logo.png
ERR: 无法加载模块:Tpl

[ 2015-01-15T15:48:07+08:00 ] ::1 /tpl/simplebootx//Public/images/headicon_128.png
ERR: 无法加载模块:Tpl

[ 2015-01-15T15:48:09+08:00 ] ::1 /tpl/simplebootx/Public/simpleboot/bootstrap/js/bootstrap.min.js
ERR: 无法加载模块:Tpl

[ 2015-01-15T15:48:09+08:00 ] ::1 /tpl/simplebootx/Public/images/logo.png
ERR: 无法加载模块:Tpl

[ 2015-01-15T15:48:09+08:00 ] ::1 /tpl/simplebootx//Public/images/headicon_128.png
ERR: 无法加载模块:Tpl

[ 2015-01-15T15:48:09+08:00 ] ::1 /tpl/simplebootx//Public/images/headicon.png
ERR: 无法加载模块:Tpl

[ 2015-01-15T15:48:10+08:00 ] ::1 /tpl/simplebootx/Public/images/logo.png
ERR: 无法加载模块:Tpl

[ 2015-01-15T15:48:10+08:00 ] ::1 /tpl/simplebootx//Public/images/headicon.png
ERR: 无法加载模块:Tpl

[ 2015-01-15T15:48:10+08:00 ] ::1 /tpl/simplebootx//Public/images/headicon_128.png
ERR: 无法加载模块:Tpl

[ 2015-01-15T15:48:13+08:00 ] ::1 /tpl/simplebootx/Public/images/logo.png
ERR: 无法加载模块:Tpl

[ 2015-01-15T15:48:13+08:00 ] ::1 /tpl/simplebootx/Public/simpleboot/bootstrap/js/bootstrap.min.js
ERR: 无法加载模块:Tpl

[ 2015-01-15T15:48:13+08:00 ] ::1 /tpl/simplebootx//Public/images/headicon.png
ERR: 无法加载模块:Tpl

[ 2015-01-15T15:48:13+08:00 ] ::1 /tpl/simplebootx//Public/images/headicon_128.png
ERR: 无法加载模块:Tpl

[ 2015-01-15T15:48:14+08:00 ] ::1 /tpl/simplebootx//Public/images/headicon.png
ERR: 无法加载模块:Tpl

[ 2015-01-15T15:48:14+08:00 ] ::1 /tpl/simplebootx/Public/images/logo.png
ERR: 无法加载模块:Tpl

[ 2015-01-15T15:48:17+08:00 ] ::1 /tpl/simplebootx/Public/simpleboot/bootstrap/js/bootstrap.min.js
ERR: 无法加载模块:Tpl

[ 2015-01-15T15:48:17+08:00 ] ::1 /tpl/simplebootx/Public/images/logo.png
ERR: 无法加载模块:Tpl

[ 2015-01-15T15:48:17+08:00 ] ::1 /tpl/simplebootx//Public/images/headicon.png
ERR: 无法加载模块:Tpl

[ 2015-01-15T15:48:17+08:00 ] ::1 /tpl/simplebootx//Public/images/headicon_128.png
ERR: 无法加载模块:Tpl

[ 2015-01-15T15:48:18+08:00 ] ::1 /tpl/simplebootx/Public/images/logo.png
ERR: 无法加载模块:Tpl

[ 2015-01-15T15:48:18+08:00 ] ::1 /tpl/simplebootx//Public/images/headicon.png
ERR: 无法加载模块:Tpl

[ 2015-01-15T15:48:18+08:00 ] ::1 /tpl/simplebootx//Public/images/headicon_128.png
ERR: 无法加载模块:Tpl

[ 2015-01-15T15:48:20+08:00 ] ::1 /tpl/simplebootx/Public/simpleboot/bootstrap/js/bootstrap.min.js
ERR: 无法加载模块:Tpl

[ 2015-01-15T15:48:20+08:00 ] ::1 /tpl/simplebootx/Public/images/logo.png
ERR: 无法加载模块:Tpl

[ 2015-01-15T15:48:20+08:00 ] ::1 /tpl/simplebootx//Public/images/headicon.png
ERR: 无法加载模块:Tpl

[ 2015-01-15T15:48:20+08:00 ] ::1 /tpl/simplebootx//Public/images/headicon_128.png
ERR: 无法加载模块:Tpl

[ 2015-01-15T15:48:21+08:00 ] ::1 /tpl/simplebootx/Public/images/logo.png
ERR: 无法加载模块:Tpl

[ 2015-01-15T15:48:21+08:00 ] ::1 /tpl/simplebootx//Public/images/headicon_128.png
ERR: 无法加载模块:Tpl

[ 2015-01-15T15:48:21+08:00 ] ::1 /tpl/simplebootx//Public/images/headicon.png
ERR: 无法加载模块:Tpl

[ 2015-01-15T15:48:24+08:00 ] ::1 /tpl/simplebootx/Public/simpleboot/bootstrap/js/bootstrap.min.js
ERR: 无法加载模块:Tpl

[ 2015-01-15T15:48:24+08:00 ] ::1 /tpl/simplebootx/Public/images/logo.png
ERR: 无法加载模块:Tpl

[ 2015-01-15T15:48:24+08:00 ] ::1 /tpl/simplebootx//Public/images/headicon_128.png
ERR: 无法加载模块:Tpl

[ 2015-01-15T15:48:24+08:00 ] ::1 /tpl/simplebootx//Public/images/headicon.png
ERR: 无法加载模块:Tpl

[ 2015-01-15T15:48:24+08:00 ] ::1 /tpl/simplebootx//Public/images/headicon.png
ERR: 无法加载模块:Tpl

[ 2015-01-15T15:48:24+08:00 ] ::1 /tpl/simplebootx//Public/images/headicon_128.png
ERR: 无法加载模块:Tpl

[ 2015-01-15T15:48:24+08:00 ] ::1 /tpl/simplebootx/Public/images/logo.png
ERR: 无法加载模块:Tpl

[ 2015-01-15T15:48:27+08:00 ] ::1 /tpl/simplebootx/Public/simpleboot/bootstrap/js/bootstrap.min.js
ERR: 无法加载模块:Tpl

[ 2015-01-15T15:48:27+08:00 ] ::1 /tpl/simplebootx/Public/images/logo.png
ERR: 无法加载模块:Tpl

[ 2015-01-15T15:48:27+08:00 ] ::1 /tpl/simplebootx//Public/images/headicon_128.png
ERR: 无法加载模块:Tpl

[ 2015-01-15T15:48:27+08:00 ] ::1 /tpl/simplebootx//Public/images/headicon.png
ERR: 无法加载模块:Tpl

[ 2015-01-15T15:48:28+08:00 ] ::1 /tpl/simplebootx/Public/images/logo.png
ERR: 无法加载模块:Tpl

[ 2015-01-15T15:48:28+08:00 ] ::1 /tpl/simplebootx//Public/images/headicon.png
ERR: 无法加载模块:Tpl

[ 2015-01-15T15:48:28+08:00 ] ::1 /tpl/simplebootx//Public/images/headicon_128.png
ERR: 无法加载模块:Tpl

[ 2015-01-15T15:48:30+08:00 ] ::1 /tpl/simplebootx/Public/simpleboot/bootstrap/js/bootstrap.min.js
ERR: 无法加载模块:Tpl

[ 2015-01-15T15:48:30+08:00 ] ::1 /tpl/simplebootx/Public/images/logo.png
ERR: 无法加载模块:Tpl

[ 2015-01-15T15:48:30+08:00 ] ::1 /tpl/simplebootx//Public/images/headicon_128.png
ERR: 无法加载模块:Tpl

[ 2015-01-15T15:48:30+08:00 ] ::1 /tpl/simplebootx//Public/images/headicon.png
ERR: 无法加载模块:Tpl

[ 2015-01-15T15:48:32+08:00 ] ::1 /tpl/simplebootx/Public/images/logo.png
ERR: 无法加载模块:Tpl

[ 2015-01-15T15:48:32+08:00 ] ::1 /tpl/simplebootx//Public/images/headicon.png
ERR: 无法加载模块:Tpl

[ 2015-01-15T15:48:32+08:00 ] ::1 /tpl/simplebootx//Public/images/headicon_128.png
ERR: 无法加载模块:Tpl

[ 2015-01-15T15:48:34+08:00 ] ::1 /tpl/simplebootx/Public/simpleboot/bootstrap/js/bootstrap.min.js
ERR: 无法加载模块:Tpl

[ 2015-01-15T15:48:34+08:00 ] ::1 /tpl/simplebootx/Public/images/logo.png
ERR: 无法加载模块:Tpl

[ 2015-01-15T15:48:34+08:00 ] ::1 /tpl/simplebootx//Public/images/headicon.png
ERR: 无法加载模块:Tpl

[ 2015-01-15T15:48:35+08:00 ] ::1 /tpl/simplebootx//Public/images/headicon_128.png
ERR: 无法加载模块:Tpl

[ 2015-01-15T15:48:35+08:00 ] ::1 /tpl/simplebootx//Public/images/headicon_128.png
ERR: 无法加载模块:Tpl

[ 2015-01-15T15:48:35+08:00 ] ::1 /tpl/simplebootx/Public/images/logo.png
ERR: 无法加载模块:Tpl

[ 2015-01-15T15:48:35+08:00 ] ::1 /tpl/simplebootx//Public/images/headicon.png
ERR: 无法加载模块:Tpl

[ 2015-01-15T15:48:38+08:00 ] ::1 /tpl/simplebootx/Public/simpleboot/bootstrap/js/bootstrap.min.js
ERR: 无法加载模块:Tpl

[ 2015-01-15T15:48:38+08:00 ] ::1 /tpl/simplebootx/Public/images/logo.png
ERR: 无法加载模块:Tpl

[ 2015-01-15T15:48:38+08:00 ] ::1 /tpl/simplebootx//Public/images/headicon.png
ERR: 无法加载模块:Tpl

[ 2015-01-15T15:48:38+08:00 ] ::1 /tpl/simplebootx//Public/images/headicon_128.png
ERR: 无法加载模块:Tpl

[ 2015-01-15T15:48:39+08:00 ] ::1 /tpl/simplebootx/Public/images/logo.png
ERR: 无法加载模块:Tpl

[ 2015-01-15T15:48:39+08:00 ] ::1 /tpl/simplebootx//Public/images/headicon_128.png
ERR: 无法加载模块:Tpl

[ 2015-01-15T15:48:39+08:00 ] ::1 /tpl/simplebootx//Public/images/headicon.png
ERR: 无法加载模块:Tpl

[ 2015-01-15T15:48:43+08:00 ] ::1 /tpl/simplebootx/Public/simpleboot/bootstrap/js/bootstrap.min.js
ERR: 无法加载模块:Tpl

[ 2015-01-15T15:48:43+08:00 ] ::1 /tpl/simplebootx/Public/images/logo.png
ERR: 无法加载模块:Tpl

[ 2015-01-15T15:48:43+08:00 ] ::1 /tpl/simplebootx//Public/images/headicon_128.png
ERR: 无法加载模块:Tpl

[ 2015-01-15T15:48:43+08:00 ] ::1 /tpl/simplebootx//Public/images/headicon.png
ERR: 无法加载模块:Tpl

[ 2015-01-15T15:48:43+08:00 ] ::1 /tpl/simplebootx/Public/images/logo.png
ERR: 无法加载模块:Tpl

[ 2015-01-15T15:48:43+08:00 ] ::1 /tpl/simplebootx//Public/images/headicon_128.png
ERR: 无法加载模块:Tpl

[ 2015-01-15T15:48:43+08:00 ] ::1 /tpl/simplebootx//Public/images/headicon.png
ERR: 无法加载模块:Tpl

[ 2015-01-15T15:48:45+08:00 ] ::1 /tpl/simplebootx/Public/simpleboot/bootstrap/js/bootstrap.min.js
ERR: 无法加载模块:Tpl

[ 2015-01-15T15:48:45+08:00 ] ::1 /tpl/simplebootx/Public/images/logo.png
ERR: 无法加载模块:Tpl

[ 2015-01-15T15:48:45+08:00 ] ::1 /tpl/simplebootx//Public/images/headicon.png
ERR: 无法加载模块:Tpl

[ 2015-01-15T15:48:45+08:00 ] ::1 /tpl/simplebootx//Public/images/headicon_128.png
ERR: 无法加载模块:Tpl

[ 2015-01-15T15:48:49+08:00 ] ::1 /tpl/simplebootx/Public/simpleboot/bootstrap/js/bootstrap.min.js
ERR: 无法加载模块:Tpl

[ 2015-01-15T15:48:49+08:00 ] ::1 /tpl/simplebootx/Public/images/logo.png
ERR: 无法加载模块:Tpl

[ 2015-01-15T15:48:49+08:00 ] ::1 /tpl/simplebootx//Public/images/headicon.png
ERR: 无法加载模块:Tpl

[ 2015-01-15T15:48:49+08:00 ] ::1 /tpl/simplebootx//Public/images/headicon_128.png
ERR: 无法加载模块:Tpl

[ 2015-01-15T15:48:52+08:00 ] ::1 /tpl/simplebootx/Public/simpleboot/bootstrap/js/bootstrap.min.js
ERR: 无法加载模块:Tpl

[ 2015-01-15T15:48:52+08:00 ] ::1 /tpl/simplebootx/Public/images/logo.png
ERR: 无法加载模块:Tpl

[ 2015-01-15T15:48:52+08:00 ] ::1 /tpl/simplebootx//Public/images/headicon.png
ERR: 无法加载模块:Tpl

[ 2015-01-15T15:48:52+08:00 ] ::1 /tpl/simplebootx//Public/images/headicon_128.png
ERR: 无法加载模块:Tpl

[ 2015-01-15T15:48:56+08:00 ] ::1 /tpl/simplebootx/Public/simpleboot/bootstrap/js/bootstrap.min.js
ERR: 无法加载模块:Tpl

[ 2015-01-15T15:48:56+08:00 ] ::1 /tpl/simplebootx/Public/images/logo.png
ERR: 无法加载模块:Tpl

[ 2015-01-15T15:48:56+08:00 ] ::1 /tpl/simplebootx//Public/images/headicon.png
ERR: 无法加载模块:Tpl

[ 2015-01-15T15:48:56+08:00 ] ::1 /tpl/simplebootx//Public/images/headicon_128.png
ERR: 无法加载模块:Tpl

[ 2015-01-15T15:48:56+08:00 ] ::1 /tpl/simplebootx/Public/images/logo.png
ERR: 无法加载模块:Tpl

[ 2015-01-15T15:48:56+08:00 ] ::1 /tpl/simplebootx//Public/images/headicon.png
ERR: 无法加载模块:Tpl

[ 2015-01-15T15:48:56+08:00 ] ::1 /tpl/simplebootx//Public/images/headicon_128.png
ERR: 无法加载模块:Tpl

[ 2015-01-15T15:48:59+08:00 ] ::1 /tpl/simplebootx/Public/simpleboot/bootstrap/js/bootstrap.min.js
ERR: 无法加载模块:Tpl

[ 2015-01-15T15:48:59+08:00 ] ::1 /tpl/simplebootx/Public/images/logo.png
ERR: 无法加载模块:Tpl

[ 2015-01-15T15:48:59+08:00 ] ::1 /tpl/simplebootx//Public/images/headicon.png
ERR: 无法加载模块:Tpl

[ 2015-01-15T15:48:59+08:00 ] ::1 /tpl/simplebootx//Public/images/headicon_128.png
ERR: 无法加载模块:Tpl

[ 2015-01-15T15:49:02+08:00 ] ::1 /tpl/simplebootx/Public/simpleboot/bootstrap/js/bootstrap.min.js
ERR: 无法加载模块:Tpl

[ 2015-01-15T15:49:02+08:00 ] ::1 /tpl/simplebootx/Public/images/logo.png
ERR: 无法加载模块:Tpl

[ 2015-01-15T15:49:02+08:00 ] ::1 /tpl/simplebootx//Public/images/headicon_128.png
ERR: 无法加载模块:Tpl

[ 2015-01-15T15:49:02+08:00 ] ::1 /tpl/simplebootx//Public/images/headicon.png
ERR: 无法加载模块:Tpl

[ 2015-01-15T15:49:03+08:00 ] ::1 /tpl/simplebootx/Public/images/logo.png
ERR: 无法加载模块:Tpl

[ 2015-01-15T15:49:03+08:00 ] ::1 /tpl/simplebootx//Public/images/headicon.png
ERR: 无法加载模块:Tpl

[ 2015-01-15T15:49:03+08:00 ] ::1 /tpl/simplebootx//Public/images/headicon_128.png
ERR: 无法加载模块:Tpl

[ 2015-01-15T15:49:05+08:00 ] ::1 /tpl/simplebootx/Public/simpleboot/bootstrap/js/bootstrap.min.js
ERR: 无法加载模块:Tpl

[ 2015-01-15T15:49:05+08:00 ] ::1 /tpl/simplebootx/Public/images/logo.png
ERR: 无法加载模块:Tpl

[ 2015-01-15T15:49:05+08:00 ] ::1 /tpl/simplebootx//Public/images/headicon.png
ERR: 无法加载模块:Tpl

[ 2015-01-15T15:49:05+08:00 ] ::1 /tpl/simplebootx//Public/images/headicon_128.png
ERR: 无法加载模块:Tpl

[ 2015-01-15T15:49:06+08:00 ] ::1 /tpl/simplebootx/Public/images/logo.png
ERR: 无法加载模块:Tpl

[ 2015-01-15T15:49:06+08:00 ] ::1 /tpl/simplebootx//Public/images/headicon.png
ERR: 无法加载模块:Tpl

[ 2015-01-15T15:49:06+08:00 ] ::1 /tpl/simplebootx//Public/images/headicon_128.png
ERR: 无法加载模块:Tpl

[ 2015-01-15T15:49:08+08:00 ] ::1 /tpl/simplebootx/Public/simpleboot/bootstrap/js/bootstrap.min.js
ERR: 无法加载模块:Tpl

[ 2015-01-15T15:49:08+08:00 ] ::1 /tpl/simplebootx/Public/images/logo.png
ERR: 无法加载模块:Tpl

[ 2015-01-15T15:49:08+08:00 ] ::1 /tpl/simplebootx//Public/images/headicon.png
ERR: 无法加载模块:Tpl

[ 2015-01-15T15:49:08+08:00 ] ::1 /tpl/simplebootx//Public/images/headicon_128.png
ERR: 无法加载模块:Tpl

[ 2015-01-15T15:49:09+08:00 ] ::1 /tpl/simplebootx/Public/images/logo.png
ERR: 无法加载模块:Tpl

[ 2015-01-15T15:49:09+08:00 ] ::1 /tpl/simplebootx//Public/images/headicon_128.png
ERR: 无法加载模块:Tpl

[ 2015-01-15T15:49:09+08:00 ] ::1 /tpl/simplebootx//Public/images/headicon.png
ERR: 无法加载模块:Tpl

[ 2015-01-15T15:49:11+08:00 ] ::1 /tpl/simplebootx/Public/simpleboot/bootstrap/js/bootstrap.min.js
ERR: 无法加载模块:Tpl

[ 2015-01-15T15:49:12+08:00 ] ::1 /tpl/simplebootx/Public/images/logo.png
ERR: 无法加载模块:Tpl

[ 2015-01-15T15:49:12+08:00 ] ::1 /tpl/simplebootx//Public/images/headicon_128.png
ERR: 无法加载模块:Tpl

[ 2015-01-15T15:49:12+08:00 ] ::1 /tpl/simplebootx//Public/images/headicon.png
ERR: 无法加载模块:Tpl

[ 2015-01-15T15:49:15+08:00 ] ::1 /tpl/simplebootx/Public/simpleboot/bootstrap/js/bootstrap.min.js
ERR: 无法加载模块:Tpl

[ 2015-01-15T15:49:15+08:00 ] ::1 /tpl/simplebootx//Public/images/headicon_128.png
ERR: 无法加载模块:Tpl

[ 2015-01-15T15:49:15+08:00 ] ::1 /tpl/simplebootx/Public/images/logo.png
ERR: 无法加载模块:Tpl

[ 2015-01-15T15:49:15+08:00 ] ::1 /tpl/simplebootx//Public/images/headicon.png
ERR: 无法加载模块:Tpl

[ 2015-01-15T15:50:02+08:00 ] ::1 /tpl/simplebootx/Public/simpleboot/bootstrap/js/bootstrap.min.js
ERR: 无法加载模块:Tpl

[ 2015-01-15T15:50:02+08:00 ] ::1 /tpl/simplebootx//Public/images/headicon_128.png
ERR: 无法加载模块:Tpl

[ 2015-01-15T15:50:02+08:00 ] ::1 /tpl/simplebootx//Public/images/headicon.png
ERR: 无法加载模块:Tpl

[ 2015-01-15T15:50:02+08:00 ] ::1 /tpl/simplebootx/Public/images/logo.png
ERR: 无法加载模块:Tpl

[ 2015-01-15T15:50:13+08:00 ] ::1 /tpl/simplebootx/Public/simpleboot/bootstrap/js/bootstrap.min.js
ERR: 无法加载模块:Tpl

[ 2015-01-15T15:50:13+08:00 ] ::1 /tpl/simplebootx/Public/images/logo.png
ERR: 无法加载模块:Tpl

[ 2015-01-15T15:50:13+08:00 ] ::1 /tpl/simplebootx//Public/images/headicon.png
ERR: 无法加载模块:Tpl

[ 2015-01-15T15:50:13+08:00 ] ::1 /tpl/simplebootx//Public/images/headicon_128.png
ERR: 无法加载模块:Tpl

[ 2015-01-15T15:50:13+08:00 ] ::1 /tpl/simplebootx/Public/images/logo.png
ERR: 无法加载模块:Tpl

[ 2015-01-15T15:50:17+08:00 ] ::1 /tpl/simplebootx/Public/simpleboot/bootstrap/js/bootstrap.min.js
ERR: 无法加载模块:Tpl

[ 2015-01-15T15:50:17+08:00 ] ::1 /tpl/simplebootx/Public/images/logo.png
ERR: 无法加载模块:Tpl

[ 2015-01-15T15:50:17+08:00 ] ::1 /tpl/simplebootx//Public/images/headicon.png
ERR: 无法加载模块:Tpl

[ 2015-01-15T15:50:17+08:00 ] ::1 /tpl/simplebootx//Public/images/headicon_128.png
ERR: 无法加载模块:Tpl

[ 2015-01-15T15:50:17+08:00 ] ::1 /tpl/simplebootx/Public/images/logo.png
ERR: 无法加载模块:Tpl

[ 2015-01-15T15:50:17+08:00 ] ::1 /tpl/simplebootx//Public/images/headicon_128.png
ERR: 无法加载模块:Tpl

[ 2015-01-15T15:50:17+08:00 ] ::1 /tpl/simplebootx//Public/images/headicon.png
ERR: 无法加载模块:Tpl

[ 2015-01-15T15:50:47+08:00 ] ::1 /tpl/simplebootx/Public/simpleboot/bootstrap/js/bootstrap.min.js
ERR: 无法加载模块:Tpl

[ 2015-01-15T15:50:47+08:00 ] ::1 /tpl/simplebootx/Public/images/logo.png
ERR: 无法加载模块:Tpl

[ 2015-01-15T15:50:47+08:00 ] ::1 /tpl/simplebootx//Public/images/headicon.png
ERR: 无法加载模块:Tpl

[ 2015-01-15T15:50:47+08:00 ] ::1 /tpl/simplebootx//Public/images/headicon_128.png
ERR: 无法加载模块:Tpl

[ 2015-01-15T15:50:51+08:00 ] ::1 /tpl/simplebootx/Public/simpleboot/bootstrap/js/bootstrap.min.js
ERR: 无法加载模块:Tpl

[ 2015-01-15T15:50:51+08:00 ] ::1 /tpl/simplebootx/Public/images/logo.png
ERR: 无法加载模块:Tpl

[ 2015-01-15T15:50:51+08:00 ] ::1 /tpl/simplebootx//Public/images/headicon.png
ERR: 无法加载模块:Tpl

[ 2015-01-15T15:50:51+08:00 ] ::1 /tpl/simplebootx//Public/images/headicon_128.png
ERR: 无法加载模块:Tpl

[ 2015-01-15T15:52:06+08:00 ] ::1 /tpl/simplebootx//Public/images/headicon_128.png
ERR: 无法加载模块:Tpl

[ 2015-01-15T15:54:27+08:00 ] ::1 /tpl/simplebootx//Public/images/headicon_128.png
ERR: 无法加载模块:Tpl

[ 2015-01-15T15:54:28+08:00 ] ::1 /tpl/simplebootx//Public/images/headicon_128.png
ERR: 无法加载模块:Tpl

[ 2015-01-15T15:54:47+08:00 ] ::1 /tpl/simplebootx//Public/images/headicon_128.png
ERR: 无法加载模块:Tpl

[ 2015-01-15T15:54:47+08:00 ] ::1 /tpl/simplebootx//Public/images/headicon_128.png
ERR: 无法加载模块:Tpl

[ 2015-01-15T15:55:06+08:00 ] ::1 /tpl/simplebootx//Public/images/headicon_128.png
ERR: 无法加载模块:Tpl

[ 2015-01-15T15:55:07+08:00 ] ::1 /tpl/simplebootx//Public/images/headicon_128.png
ERR: 无法加载模块:Tpl

[ 2015-01-15T15:57:33+08:00 ] ::1 /tpl/simplebootx//Public/images/headicon_128.png
ERR: 无法加载模块:Tpl

[ 2015-01-15T15:57:34+08:00 ] ::1 /tpl/simplebootx//Public/images/headicon_128.png
ERR: 无法加载模块:Tpl

[ 2015-01-15T15:57:44+08:00 ] ::1 /tpl/simplebootx//Public/images/headicon_128.png
ERR: 无法加载模块:Tpl

[ 2015-01-15T15:57:57+08:00 ] ::1 /tpl/simplebootx//Public/images/headicon_128.png
ERR: 无法加载模块:Tpl

[ 2015-01-15T15:57:57+08:00 ] ::1 /tpl/simplebootx//Public/images/headicon_128.png
ERR: 无法加载模块:Tpl

[ 2015-01-15T15:58:37+08:00 ] ::1 /tpl/simplebootx//Public/images/headicon_128.png
ERR: 无法加载模块:Tpl

[ 2015-01-15T15:58:38+08:00 ] ::1 /tpl/simplebootx//Public/images/headicon_128.png
ERR: 无法加载模块:Tpl

[ 2015-01-15T15:58:39+08:00 ] ::1 /tpl/simplebootx//Public/images/headicon_128.png
ERR: 无法加载模块:Tpl

[ 2015-01-15T15:59:00+08:00 ] ::1 /tpl/simplebootx//Public/images/headicon_128.png
ERR: 无法加载模块:Tpl

[ 2015-01-15T16:04:30+08:00 ] ::1 /tpl/simplebootx/Public/images/logo.png
ERR: 无法加载模块:Tpl

[ 2015-01-15T16:04:30+08:00 ] ::1 /tpl/simplebootx/Public/simpleboot/bootstrap/js/bootstrap.min.js
ERR: 无法加载模块:Tpl

[ 2015-01-15T16:04:30+08:00 ] ::1 /tpl/simplebootx//Public/images/headicon.png
ERR: 无法加载模块:Tpl

[ 2015-01-15T16:21:57+08:00 ] ::1 /tpl/simplebootx/Public/images/logo.png
ERR: 无法加载模块:Tpl

[ 2015-01-15T16:21:57+08:00 ] ::1 /tpl/simplebootx//Public/images/headicon.png
ERR: 无法加载模块:Tpl

[ 2015-01-15T16:21:57+08:00 ] ::1 /tpl/simplebootx/Public/simpleboot/bootstrap/js/bootstrap.min.js
ERR: 无法加载模块:Tpl

[ 2015-01-15T16:22:02+08:00 ] ::1 /tpl/simplebootx/Public/images/logo.png
ERR: 无法加载模块:Tpl

[ 2015-01-15T16:22:02+08:00 ] ::1 /tpl/simplebootx/Public/simpleboot/bootstrap/js/bootstrap.min.js
ERR: 无法加载模块:Tpl

[ 2015-01-15T16:22:03+08:00 ] ::1 /tpl/simplebootx//Public/images/headicon.png
ERR: 无法加载模块:Tpl

[ 2015-01-15T16:22:03+08:00 ] ::1 /tpl/simplebootx/Public/images/logo.png
ERR: 无法加载模块:Tpl

[ 2015-01-15T16:22:04+08:00 ] ::1 /tpl/simplebootx/Public/simpleboot/bootstrap/js/bootstrap.min.js
ERR: 无法加载模块:Tpl

[ 2015-01-15T16:22:04+08:00 ] ::1 /tpl/simplebootx/Public/images/logo.png
ERR: 无法加载模块:Tpl

[ 2015-01-15T16:22:05+08:00 ] ::1 /tpl/simplebootx//Public/images/headicon.png
ERR: 无法加载模块:Tpl

[ 2015-01-15T16:22:05+08:00 ] ::1 /tpl/simplebootx//Public/images/headicon.png
ERR: 无法加载模块:Tpl

[ 2015-01-15T16:22:05+08:00 ] ::1 /tpl/simplebootx/Public/images/logo.png
ERR: 无法加载模块:Tpl

[ 2015-01-15T16:22:08+08:00 ] ::1 /tpl/simplebootx/Public/simpleboot/bootstrap/js/bootstrap.min.js
ERR: 无法加载模块:Tpl

[ 2015-01-15T16:22:08+08:00 ] ::1 /tpl/simplebootx/Public/images/logo.png
ERR: 无法加载模块:Tpl

[ 2015-01-15T16:22:08+08:00 ] ::1 /tpl/simplebootx//Public/images/headicon.png
ERR: 无法加载模块:Tpl

[ 2015-01-15T16:22:08+08:00 ] ::1 /tpl/simplebootx//Public/images/headicon.png
ERR: 无法加载模块:Tpl

[ 2015-01-15T16:22:08+08:00 ] ::1 /tpl/simplebootx/Public/images/logo.png
ERR: 无法加载模块:Tpl

[ 2015-01-15T16:27:30+08:00 ] ::1 /tpl/simplebootx/Public/simpleboot/bootstrap/js/bootstrap.min.js
ERR: 无法加载模块:Tpl

[ 2015-01-15T16:27:30+08:00 ] ::1 /tpl/simplebootx/Public/images/logo.png
ERR: 无法加载模块:Tpl

[ 2015-01-15T16:27:30+08:00 ] ::1 /tpl/simplebootx//Public/images/headicon.png
ERR: 无法加载模块:Tpl

[ 2015-01-15T16:27:30+08:00 ] ::1 /tpl/simplebootx/Public/images/logo.png
ERR: 无法加载模块:Tpl

[ 2015-01-15T16:27:30+08:00 ] ::1 /tpl/simplebootx//Public/images/headicon.png
ERR: 无法加载模块:Tpl

[ 2015-01-15T16:27:41+08:00 ] ::1 /tpl/simplebootx/Public/simpleboot/bootstrap/js/bootstrap.min.js
ERR: 无法加载模块:Tpl

[ 2015-01-15T16:27:41+08:00 ] ::1 /tpl/simplebootx/Public/images/logo.png
ERR: 无法加载模块:Tpl

[ 2015-01-15T16:27:41+08:00 ] ::1 /tpl/simplebootx//Public/images/headicon.png
ERR: 无法加载模块:Tpl

[ 2015-01-15T16:27:48+08:00 ] ::1 /tpl/simplebootx/Public/simpleboot/bootstrap/js/bootstrap.min.js
ERR: 无法加载模块:Tpl

[ 2015-01-15T16:27:51+08:00 ] ::1 /tpl/simplebootx/Public/simpleboot/bootstrap/js/bootstrap.min.js
ERR: 无法加载模块:Tpl

[ 2015-01-15T16:33:38+08:00 ] ::1 /tpl/simplebootx/Public/images/logo.png
ERR: 无法加载模块:Tpl

[ 2015-01-15T16:33:38+08:00 ] ::1 /tpl/simplebootx/Public/simpleboot/bootstrap/js/bootstrap.min.js
ERR: 无法加载模块:Tpl

[ 2015-01-15T16:33:38+08:00 ] ::1 /tpl/simplebootx//Public/images/headicon.png
ERR: 无法加载模块:Tpl

[ 2015-01-15T16:33:38+08:00 ] ::1 /tpl/simplebootx/Public/images/logo.png
ERR: 无法加载模块:Tpl

[ 2015-01-15T16:33:38+08:00 ] ::1 /tpl/simplebootx//Public/images/headicon.png
ERR: 无法加载模块:Tpl

[ 2015-01-15T16:33:43+08:00 ] ::1 /tpl/simplebootx/Public/simpleboot/bootstrap/js/bootstrap.min.js
ERR: 无法加载模块:Tpl

[ 2015-01-15T16:33:43+08:00 ] ::1 /tpl/simplebootx/Public/images/logo.png
ERR: 无法加载模块:Tpl

[ 2015-01-15T16:33:43+08:00 ] ::1 /tpl/simplebootx//Public/images/headicon.png
ERR: 无法加载模块:Tpl

[ 2015-01-15T16:33:43+08:00 ] ::1 /tpl/simplebootx/Public/images/logo.png
ERR: 无法加载模块:Tpl

[ 2015-01-15T16:33:43+08:00 ] ::1 /tpl/simplebootx//Public/images/headicon.png
ERR: 无法加载模块:Tpl

[ 2015-01-15T16:34:02+08:00 ] ::1 /tpl/simplebootx/Public/simpleboot/bootstrap/js/bootstrap.min.js
ERR: 无法加载模块:Tpl

[ 2015-01-15T16:35:24+08:00 ] ::1 /tpl/simplebootx//Public/images/headicon_128.png
ERR: 无法加载模块:Tpl

[ 2015-01-15T16:35:25+08:00 ] ::1 /tpl/simplebootx//Public/images/headicon_128.png
ERR: 无法加载模块:Tpl

[ 2015-01-15T16:35:28+08:00 ] ::1 /tpl/simplebootx//Public/images/headicon_128.png
ERR: 无法加载模块:Tpl

[ 2015-01-15T16:35:28+08:00 ] ::1 /tpl/simplebootx//Public/images/headicon_128.png
ERR: 无法加载模块:Tpl

[ 2015-01-15T16:37:16+08:00 ] ::1 /tpl/simplebootx/Public/images/logo.png
ERR: 无法加载模块:Tpl

[ 2015-01-15T16:37:16+08:00 ] ::1 /tpl/simplebootx/Public/simpleboot/bootstrap/js/bootstrap.min.js
ERR: 无法加载模块:Tpl

[ 2015-01-15T16:37:16+08:00 ] ::1 /tpl/simplebootx//Public/images/headicon.png
ERR: 无法加载模块:Tpl

[ 2015-01-15T16:37:16+08:00 ] ::1 /tpl/simplebootx/Public/images/logo.png
ERR: 无法加载模块:Tpl

[ 2015-01-15T16:37:16+08:00 ] ::1 /tpl/simplebootx//Public/images/headicon.png
ERR: 无法加载模块:Tpl

[ 2015-01-15T16:37:21+08:00 ] ::1 /tpl/simplebootx/Public/simpleboot/bootstrap/js/bootstrap.min.js
ERR: 无法加载模块:Tpl

[ 2015-01-15T16:37:21+08:00 ] ::1 /tpl/simplebootx/Public/images/logo.png
ERR: 无法加载模块:Tpl

[ 2015-01-15T16:37:21+08:00 ] ::1 /tpl/simplebootx//Public/images/headicon.png
ERR: 无法加载模块:Tpl

[ 2015-01-15T16:38:57+08:00 ] ::1 /tpl/simplebootx/Public/images/logo.png
ERR: 无法加载模块:Tpl

[ 2015-01-15T16:38:57+08:00 ] ::1 /tpl/simplebootx//Public/images/headicon.png
ERR: 无法加载模块:Tpl

[ 2015-01-15T16:38:57+08:00 ] ::1 /tpl/simplebootx/Public/simpleboot/bootstrap/js/bootstrap.min.js
ERR: 无法加载模块:Tpl

[ 2015-01-15T16:38:58+08:00 ] ::1 /tpl/simplebootx/Public/images/logo.png
ERR: 无法加载模块:Tpl

[ 2015-01-15T16:38:58+08:00 ] ::1 /tpl/simplebootx//Public/images/headicon.png
ERR: 无法加载模块:Tpl

[ 2015-01-15T16:39:00+08:00 ] ::1 /tpl/simplebootx/Public/simpleboot/bootstrap/js/bootstrap.min.js
ERR: 无法加载模块:Tpl

[ 2015-01-15T16:39:00+08:00 ] ::1 /tpl/simplebootx/Public/images/logo.png
ERR: 无法加载模块:Tpl

[ 2015-01-15T16:39:00+08:00 ] ::1 /tpl/simplebootx//Public/images/headicon.png
ERR: 无法加载模块:Tpl

[ 2015-01-15T16:39:00+08:00 ] ::1 /tpl/simplebootx/Public/images/logo.png
ERR: 无法加载模块:Tpl

[ 2015-01-15T16:39:01+08:00 ] ::1 /tpl/simplebootx//Public/images/headicon.png
ERR: 无法加载模块:Tpl

[ 2015-01-15T16:39:03+08:00 ] ::1 /tpl/simplebootx/Public/simpleboot/bootstrap/js/bootstrap.min.js
ERR: 无法加载模块:Tpl

[ 2015-01-15T16:39:03+08:00 ] ::1 /tpl/simplebootx/Public/images/logo.png
ERR: 无法加载模块:Tpl

[ 2015-01-15T16:39:03+08:00 ] ::1 /tpl/simplebootx//Public/images/headicon.png
ERR: 无法加载模块:Tpl

[ 2015-01-15T16:39:04+08:00 ] ::1 /tpl/simplebootx/Public/images/logo.png
ERR: 无法加载模块:Tpl

[ 2015-01-15T16:39:04+08:00 ] ::1 /tpl/simplebootx//Public/images/headicon.png
ERR: 无法加载模块:Tpl

[ 2015-01-15T16:39:06+08:00 ] ::1 /tpl/simplebootx/Public/simpleboot/bootstrap/js/bootstrap.min.js
ERR: 无法加载模块:Tpl

[ 2015-01-15T16:39:06+08:00 ] ::1 /tpl/simplebootx/Public/images/logo.png
ERR: 无法加载模块:Tpl

[ 2015-01-15T16:39:06+08:00 ] ::1 /tpl/simplebootx//Public/images/headicon.png
ERR: 无法加载模块:Tpl

[ 2015-01-15T16:39:10+08:00 ] ::1 /tpl/simplebootx/Public/simpleboot/bootstrap/js/bootstrap.min.js
ERR: 无法加载模块:Tpl

[ 2015-01-15T16:39:10+08:00 ] ::1 /tpl/simplebootx/Public/images/logo.png
ERR: 无法加载模块:Tpl

[ 2015-01-15T16:39:10+08:00 ] ::1 /tpl/simplebootx//Public/images/headicon.png
ERR: 无法加载模块:Tpl

[ 2015-01-15T16:39:11+08:00 ] ::1 /tpl/simplebootx/Public/images/logo.png
ERR: 无法加载模块:Tpl

[ 2015-01-15T16:39:11+08:00 ] ::1 /tpl/simplebootx//Public/images/headicon.png
ERR: 无法加载模块:Tpl

[ 2015-01-15T17:09:46+08:00 ] ::1 /tpl/simplebootx/Public/images/logo.png
ERR: 无法加载模块:Tpl

[ 2015-01-15T17:09:46+08:00 ] ::1 /tpl/simplebootx//Public/images/headicon.png
ERR: 无法加载模块:Tpl

[ 2015-01-15T17:09:46+08:00 ] ::1 /tpl/simplebootx/Public/images/logo.png
ERR: 无法加载模块:Tpl

[ 2015-01-15T17:09:46+08:00 ] ::1 /tpl/simplebootx//Public/images/headicon.png
ERR: 无法加载模块:Tpl

[ 2015-01-15T17:09:47+08:00 ] ::1 /tpl/simplebootx//Public/images/headicon.png
ERR: 无法加载模块:Tpl

[ 2015-01-15T17:09:47+08:00 ] ::1 /tpl/simplebootx/Public/images/logo.png
ERR: 无法加载模块:Tpl

[ 2015-01-15T17:09:47+08:00 ] ::1 /tpl/simplebootx/Public/images/logo.png
ERR: 无法加载模块:Tpl

[ 2015-01-15T17:09:47+08:00 ] ::1 /tpl/simplebootx//Public/images/headicon.png
ERR: 无法加载模块:Tpl

[ 2015-01-15T17:10:36+08:00 ] ::1 /tpl/simplebootx/Public/images/logo.png
ERR: 无法加载模块:Tpl

[ 2015-01-15T17:10:36+08:00 ] ::1 /tpl/simplebootx//Public/images/headicon.png
ERR: 无法加载模块:Tpl

[ 2015-01-15T17:10:36+08:00 ] ::1 /tpl/simplebootx//Public/images/headicon.png
ERR: 无法加载模块:Tpl

[ 2015-01-15T17:10:36+08:00 ] ::1 /tpl/simplebootx/Public/images/logo.png
ERR: 无法加载模块:Tpl

