[ 2015-01-14T10:54:20+08:00 ] ::1 /tpl/simplebootx//Public/images/headicon.png
ERR: 无法加载模块:Tpl

[ 2015-01-14T10:57:21+08:00 ] ::1 /tpl/simplebootx//Public/images/headicon.png
ERR: 无法加载模块:Tpl

[ 2015-01-14T10:57:55+08:00 ] ::1 /tpl/simplebootx//Public/images/headicon.png
ERR: 无法加载模块:Tpl

[ 2015-01-14T10:59:24+08:00 ] ::1 /tpl/simplebootx//Public/images/headicon.png
ERR: 无法加载模块:Tpl

[ 2015-01-14T11:03:19+08:00 ] ::1 /tpl/simplebootx//Public/images/headicon.png
ERR: 无法加载模块:Tpl

[ 2015-01-14T11:07:51+08:00 ] ::1 /tpl/simplebootx//Public/images/headicon.png
ERR: 无法加载模块:Tpl

[ 2015-01-14T11:08:32+08:00 ] ::1 /tpl/simplebootx//Public/images/headicon.png
ERR: 无法加载模块:Tpl

[ 2015-01-14T11:08:32+08:00 ] ::1 /tpl/simplebootx/Public/images/logo.png
ERR: 无法加载模块:Tpl

[ 2015-01-14T11:15:57+08:00 ] ::1 /tpl/simplebootx//Public/images/headicon.png
ERR: 无法加载模块:Tpl

[ 2015-01-14T11:16:01+08:00 ] ::1 /tpl/simplebootx//Public/images/headicon.png
ERR: 无法加载模块:Tpl

[ 2015-01-14T11:16:05+08:00 ] ::1 /tpl/simplebootx//Public/images/headicon.png
ERR: 无法加载模块:Tpl

[ 2015-01-14T11:18:43+08:00 ] ::1 /tpl/simplebootx//Public/images/headicon.png
ERR: 无法加载模块:Tpl

[ 2015-01-14T11:18:48+08:00 ] ::1 /tpl/simplebootx//Public/images/headicon.png
ERR: 无法加载模块:Tpl

[ 2015-01-14T11:18:48+08:00 ] ::1 /tpl/simplebootx/Public/images/logo.png
ERR: 无法加载模块:Tpl

[ 2015-01-14T11:18:55+08:00 ] ::1 /tpl/simplebootx//Public/images/headicon.png
ERR: 无法加载模块:Tpl

[ 2015-01-14T11:20:42+08:00 ] ::1 /tpl/simplebootx//Public/images/headicon.png
ERR: 无法加载模块:Tpl

[ 2015-01-14T11:21:29+08:00 ] ::1 /tpl/simplebootx//Public/images/headicon.png
ERR: 无法加载模块:Tpl

[ 2015-01-14T11:21:31+08:00 ] ::1 /tpl/simplebootx/Public/images/logo.png
ERR: 无法加载模块:Tpl

[ 2015-01-14T11:21:31+08:00 ] ::1 /tpl/simplebootx//Public/images/headicon.png
ERR: 无法加载模块:Tpl

[ 2015-01-14T11:23:38+08:00 ] ::1 /tpl/simplebootx//Public/images/headicon.png
ERR: 无法加载模块:Tpl

[ 2015-01-14T11:24:42+08:00 ] ::1 /tpl/simplebootx/Public/simpleboot/themes/cmf/theme.min.css
ERR: 无法加载模块:Tpl

[ 2015-01-14T11:24:42+08:00 ] ::1 /tpl/simplebootx/Public/css/style.css
ERR: 无法加载模块:Tpl

[ 2015-01-14T11:24:42+08:00 ] ::1 /tpl/simplebootx/Public/simpleboot/font-awesome/4.2.0/css/font-awesome.min.css
ERR: 无法加载模块:Tpl

[ 2015-01-14T11:24:42+08:00 ] ::1 /tpl/simplebootx/Public/simpleboot/bootstrap/css/bootstrap-responsive.min.css
ERR: 无法加载模块:Tpl

[ 2015-01-14T11:27:58+08:00 ] ::1 /tpl/simplebootx//Public/images/headicon.png
ERR: 无法加载模块:Tpl

[ 2015-01-14T11:30:45+08:00 ] ::1 /tpl/simplebootx//Public/images/headicon.png
ERR: 无法加载模块:Tpl

[ 2015-01-14T13:39:29+08:00 ] ::1 /tpl/simplebootx//Public/images/headicon.png
ERR: 无法加载模块:Tpl

[ 2015-01-14T13:41:49+08:00 ] ::1 /tpl/simplebootx//Public/images/headicon.png
ERR: 无法加载模块:Tpl

[ 2015-01-14T13:43:32+08:00 ] ::1 /tpl/simplebootx//Public/images/headicon.png
ERR: 无法加载模块:Tpl

[ 2015-01-14T13:43:38+08:00 ] ::1 /tpl/simplebootx//Public/images/headicon.png
ERR: 无法加载模块:Tpl

[ 2015-01-14T13:43:39+08:00 ] ::1 /tpl/simplebootx/Public/images/logo.png
ERR: 无法加载模块:Tpl

[ 2015-01-14T13:43:39+08:00 ] ::1 /tpl/simplebootx/Public/simpleboot/bootstrap/js/bootstrap.min.js
ERR: 无法加载模块:Tpl

[ 2015-01-14T13:50:19+08:00 ] ::1 /tpl/simplebootx//Public/images/headicon.png
ERR: 无法加载模块:Tpl

[ 2015-01-14T14:12:28+08:00 ] ::1 /tpl/simplebootx//Public/images/headicon.png
ERR: 无法加载模块:Tpl

[ 2015-01-14T14:16:33+08:00 ] ::1 /tpl/simplebootx//Public/images/headicon.png
ERR: 无法加载模块:Tpl

[ 2015-01-14T14:21:49+08:00 ] ::1 /tpl/simplebootx//Public/images/headicon.png
ERR: 无法加载模块:Tpl

[ 2015-01-14T14:21:51+08:00 ] ::1 /tpl/simplebootx//Public/images/headicon.png
ERR: 无法加载模块:Tpl

[ 2015-01-14T14:21:54+08:00 ] ::1 /tpl/simplebootx//Public/images/headicon.png
ERR: 无法加载模块:Tpl

[ 2015-01-14T14:21:56+08:00 ] ::1 /tpl/simplebootx//Public/images/headicon.png
ERR: 无法加载模块:Tpl

[ 2015-01-14T14:21:58+08:00 ] ::1 /tpl/simplebootx//Public/images/headicon.png
ERR: 无法加载模块:Tpl

[ 2015-01-14T14:22:01+08:00 ] ::1 /tpl/simplebootx//Public/images/headicon.png
ERR: 无法加载模块:Tpl

[ 2015-01-14T14:23:43+08:00 ] ::1 /tpl/simplebootx//Public/images/headicon.png
ERR: 无法加载模块:Tpl

[ 2015-01-14T14:23:46+08:00 ] ::1 /tpl/simplebootx//Public/images/headicon.png
ERR: 无法加载模块:Tpl

[ 2015-01-14T14:34:49+08:00 ] ::1 /tpl/simplebootx//Public/images/headicon.png
ERR: 无法加载模块:Tpl

[ 2015-01-14T14:36:14+08:00 ] ::1 /tpl/simplebootx//Public/images/headicon.png
ERR: 无法加载模块:Tpl

[ 2015-01-14T14:37:19+08:00 ] ::1 /tpl/simplebootx//Public/images/headicon.png
ERR: 无法加载模块:Tpl

[ 2015-01-14T14:38:20+08:00 ] ::1 /tpl/simplebootx//Public/images/headicon.png
ERR: 无法加载模块:Tpl

[ 2015-01-14T14:38:32+08:00 ] ::1 /tpl/simplebootx//Public/images/headicon.png
ERR: 无法加载模块:Tpl

[ 2015-01-14T14:39:23+08:00 ] ::1 /tpl/simplebootx//Public/images/headicon.png
ERR: 无法加载模块:Tpl

[ 2015-01-14T14:39:34+08:00 ] ::1 /tpl/simplebootx//Public/images/headicon.png
ERR: 无法加载模块:Tpl

[ 2015-01-14T14:39:44+08:00 ] ::1 /tpl/simplebootx//Public/images/headicon.png
ERR: 无法加载模块:Tpl

[ 2015-01-14T14:39:48+08:00 ] ::1 /tpl/simplebootx//Public/images/headicon.png
ERR: 无法加载模块:Tpl

[ 2015-01-14T14:40:29+08:00 ] ::1 /tpl/simplebootx//Public/images/headicon.png
ERR: 无法加载模块:Tpl

[ 2015-01-14T14:41:00+08:00 ] ::1 /tpl/simplebootx//Public/images/headicon.png
ERR: 无法加载模块:Tpl

[ 2015-01-14T14:44:16+08:00 ] ::1 /tpl/simplebootx//Public/images/headicon.png
ERR: 无法加载模块:Tpl

[ 2015-01-14T14:44:33+08:00 ] ::1 /tpl/simplebootx//Public/images/headicon.png
ERR: 无法加载模块:Tpl

[ 2015-01-14T14:46:14+08:00 ] ::1 /tpl/simplebootx//Public/images/headicon.png
ERR: 无法加载模块:Tpl

[ 2015-01-14T14:50:33+08:00 ] ::1 /tpl/simplebootx//Public/images/headicon.png
ERR: 无法加载模块:Tpl

[ 2015-01-14T14:51:12+08:00 ] ::1 /tpl/simplebootx//Public/images/headicon.png
ERR: 无法加载模块:Tpl

[ 2015-01-14T14:51:43+08:00 ] ::1 /tpl/simplebootx//Public/images/headicon.png
ERR: 无法加载模块:Tpl

[ 2015-01-14T14:52:27+08:00 ] ::1 /tpl/simplebootx//Public/images/headicon.png
ERR: 无法加载模块:Tpl

[ 2015-01-14T14:54:49+08:00 ] ::1 /tpl/simplebootx//Public/images/headicon.png
ERR: 无法加载模块:Tpl

[ 2015-01-14T14:56:49+08:00 ] ::1 /tpl/simplebootx//Public/images/headicon.png
ERR: 无法加载模块:Tpl

[ 2015-01-14T14:56:57+08:00 ] ::1 /tpl/simplebootx//Public/images/headicon.png
ERR: 无法加载模块:Tpl

[ 2015-01-14T14:58:12+08:00 ] ::1 /tpl/simplebootx//Public/images/headicon.png
ERR: 无法加载模块:Tpl

[ 2015-01-14T15:00:24+08:00 ] ::1 /tpl/simplebootx//Public/images/headicon.png
ERR: 无法加载模块:Tpl

[ 2015-01-14T15:00:45+08:00 ] ::1 /tpl/simplebootx//Public/images/headicon.png
ERR: 无法加载模块:Tpl

[ 2015-01-14T15:05:11+08:00 ] ::1 /tpl/simplebootx//Public/images/headicon.png
ERR: 无法加载模块:Tpl

[ 2015-01-14T15:05:11+08:00 ] ::1 /tpl/simplebootx/Public/images/logo.png
ERR: 无法加载模块:Tpl

[ 2015-01-14T15:05:11+08:00 ] ::1 /tpl/simplebootx/Public/simpleboot/bootstrap/js/bootstrap.min.js
ERR: 无法加载模块:Tpl

[ 2015-01-14T15:15:10+08:00 ] ::1 /tpl/simplebootx//Public/images/headicon.png
ERR: 无法加载模块:Tpl

[ 2015-01-14T15:17:00+08:00 ] ::1 /tpl/simplebootx//Public/images/headicon.png
ERR: 无法加载模块:Tpl

[ 2015-01-14T15:17:50+08:00 ] ::1 /tpl/simplebootx//Public/images/headicon.png
ERR: 无法加载模块:Tpl

[ 2015-01-14T15:18:33+08:00 ] ::1 /tpl/simplebootx//Public/images/headicon.png
ERR: 无法加载模块:Tpl

[ 2015-01-14T15:19:46+08:00 ] ::1 /tpl/simplebootx//Public/images/headicon.png
ERR: 无法加载模块:Tpl

[ 2015-01-14T15:24:30+08:00 ] ::1 /tpl/simplebootx//Public/images/headicon.png
ERR: 无法加载模块:Tpl

[ 2015-01-14T15:24:59+08:00 ] ::1 /tpl/simplebootx//Public/images/headicon.png
ERR: 无法加载模块:Tpl

[ 2015-01-14T15:25:06+08:00 ] ::1 /tpl/simplebootx//Public/images/headicon.png
ERR: 无法加载模块:Tpl

[ 2015-01-14T15:26:05+08:00 ] ::1 /tpl/simplebootx//Public/images/headicon.png
ERR: 无法加载模块:Tpl

[ 2015-01-14T15:29:47+08:00 ] ::1 /tpl/simplebootx//Public/images/headicon.png
ERR: 无法加载模块:Tpl

[ 2015-01-14T15:30:56+08:00 ] ::1 /tpl/simplebootx//Public/images/headicon.png
ERR: 无法加载模块:Tpl

[ 2015-01-14T15:31:55+08:00 ] ::1 /tpl/simplebootx//Public/images/headicon.png
ERR: 无法加载模块:Tpl

[ 2015-01-14T15:32:34+08:00 ] ::1 /tpl/simplebootx//Public/images/headicon.png
ERR: 无法加载模块:Tpl

[ 2015-01-14T15:33:42+08:00 ] ::1 /tpl/simplebootx//Public/images/headicon.png
ERR: 无法加载模块:Tpl

[ 2015-01-14T15:34:42+08:00 ] ::1 /tpl/simplebootx//Public/images/headicon.png
ERR: 无法加载模块:Tpl

[ 2015-01-14T15:34:47+08:00 ] ::1 /tpl/simplebootx//Public/images/headicon.png
ERR: 无法加载模块:Tpl

[ 2015-01-14T15:34:50+08:00 ] ::1 /tpl/simplebootx//Public/images/headicon.png
ERR: 无法加载模块:Tpl

[ 2015-01-14T15:35:36+08:00 ] ::1 /tpl/simplebootx//Public/images/headicon.png
ERR: 无法加载模块:Tpl

[ 2015-01-14T15:35:40+08:00 ] ::1 /tpl/simplebootx//Public/images/headicon.png
ERR: 无法加载模块:Tpl

[ 2015-01-14T15:35:43+08:00 ] ::1 /tpl/simplebootx//Public/images/headicon.png
ERR: 无法加载模块:Tpl

[ 2015-01-14T15:39:42+08:00 ] ::1 /tpl/simplebootx//Public/images/headicon.png
ERR: 无法加载模块:Tpl

[ 2015-01-14T15:39:45+08:00 ] ::1 /tpl/simplebootx//Public/images/headicon.png
ERR: 无法加载模块:Tpl

[ 2015-01-14T15:39:57+08:00 ] ::1 /tpl/simplebootx//Public/images/headicon.png
ERR: 无法加载模块:Tpl

[ 2015-01-14T15:40:22+08:00 ] ::1 /tpl/simplebootx//Public/images/headicon.png
ERR: 无法加载模块:Tpl

[ 2015-01-14T15:42:31+08:00 ] ::1 /tpl/simplebootx//Public/images/headicon.png
ERR: 无法加载模块:Tpl

[ 2015-01-14T15:43:58+08:00 ] ::1 /tpl/simplebootx//Public/images/headicon.png
ERR: 无法加载模块:Tpl

[ 2015-01-14T15:44:06+08:00 ] ::1 /tpl/simplebootx//Public/images/headicon.png
ERR: 无法加载模块:Tpl

[ 2015-01-14T15:44:13+08:00 ] ::1 /tpl/simplebootx//Public/images/headicon.png
ERR: 无法加载模块:Tpl

[ 2015-01-14T15:45:52+08:00 ] ::1 /tpl/simplebootx//Public/images/headicon.png
ERR: 无法加载模块:Tpl

[ 2015-01-14T15:45:54+08:00 ] ::1 /tpl/simplebootx//Public/images/headicon.png
ERR: 无法加载模块:Tpl

[ 2015-01-14T15:45:56+08:00 ] ::1 /tpl/simplebootx//Public/images/headicon.png
ERR: 无法加载模块:Tpl

[ 2015-01-14T15:45:58+08:00 ] ::1 /tpl/simplebootx//Public/images/headicon.png
ERR: 无法加载模块:Tpl

[ 2015-01-14T15:46:04+08:00 ] ::1 /tpl/simplebootx//Public/images/headicon.png
ERR: 无法加载模块:Tpl

[ 2015-01-14T15:46:08+08:00 ] ::1 /tpl/simplebootx//Public/images/headicon.png
ERR: 无法加载模块:Tpl

[ 2015-01-14T15:47:06+08:00 ] ::1 /tpl/simplebootx//Public/images/headicon.png
ERR: 无法加载模块:Tpl

[ 2015-01-14T15:47:35+08:00 ] ::1 /tpl/simplebootx//Public/images/headicon.png
ERR: 无法加载模块:Tpl

[ 2015-01-14T15:49:10+08:00 ] ::1 /tpl/simplebootx//Public/images/headicon.png
ERR: 无法加载模块:Tpl

[ 2015-01-14T15:49:25+08:00 ] ::1 /tpl/simplebootx//Public/images/headicon.png
ERR: 无法加载模块:Tpl

[ 2015-01-14T15:49:27+08:00 ] ::1 /tpl/simplebootx//Public/images/headicon.png
ERR: 无法加载模块:Tpl

[ 2015-01-14T15:55:23+08:00 ] ::1 /tpl/simplebootx//Public/images/headicon.png
ERR: 无法加载模块:Tpl

[ 2015-01-14T15:55:26+08:00 ] ::1 /tpl/simplebootx//Public/images/headicon.png
ERR: 无法加载模块:Tpl

[ 2015-01-14T15:55:45+08:00 ] ::1 /tpl/simplebootx//Public/images/headicon.png
ERR: 无法加载模块:Tpl

[ 2015-01-14T15:55:54+08:00 ] ::1 /tpl/simplebootx//Public/images/headicon.png
ERR: 无法加载模块:Tpl

[ 2015-01-14T15:57:13+08:00 ] ::1 /tpl/simplebootx//Public/images/headicon.png
ERR: 无法加载模块:Tpl

[ 2015-01-14T15:57:27+08:00 ] ::1 /tpl/simplebootx//Public/images/headicon.png
ERR: 无法加载模块:Tpl

[ 2015-01-14T15:57:42+08:00 ] ::1 /tpl/simplebootx//Public/images/headicon.png
ERR: 无法加载模块:Tpl

[ 2015-01-14T15:58:42+08:00 ] ::1 /tpl/simplebootx//Public/images/headicon.png
ERR: 无法加载模块:Tpl

[ 2015-01-14T15:59:39+08:00 ] ::1 /tpl/simplebootx//Public/images/headicon.png
ERR: 无法加载模块:Tpl

[ 2015-01-14T16:00:08+08:00 ] ::1 /tpl/simplebootx//Public/images/headicon.png
ERR: 无法加载模块:Tpl

[ 2015-01-14T16:00:22+08:00 ] ::1 /tpl/simplebootx//Public/images/headicon.png
ERR: 无法加载模块:Tpl

[ 2015-01-14T16:00:50+08:00 ] ::1 /tpl/simplebootx//Public/images/headicon.png
ERR: 无法加载模块:Tpl

[ 2015-01-14T16:01:49+08:00 ] ::1 /tpl/simplebootx//Public/images/headicon.png
ERR: 无法加载模块:Tpl

[ 2015-01-14T16:02:53+08:00 ] ::1 /tpl/simplebootx//Public/images/headicon.png
ERR: 无法加载模块:Tpl

[ 2015-01-14T16:03:01+08:00 ] ::1 /tpl/simplebootx//Public/images/headicon.png
ERR: 无法加载模块:Tpl

[ 2015-01-14T16:03:04+08:00 ] ::1 /tpl/simplebootx//Public/images/headicon.png
ERR: 无法加载模块:Tpl

[ 2015-01-14T16:03:15+08:00 ] ::1 /tpl/simplebootx//Public/images/headicon.png
ERR: 无法加载模块:Tpl

[ 2015-01-14T16:03:18+08:00 ] ::1 /tpl/simplebootx//Public/images/headicon.png
ERR: 无法加载模块:Tpl

[ 2015-01-14T16:03:28+08:00 ] ::1 /tpl/simplebootx//Public/images/headicon.png
ERR: 无法加载模块:Tpl

[ 2015-01-14T16:03:43+08:00 ] ::1 /tpl/simplebootx//Public/images/headicon.png
ERR: 无法加载模块:Tpl

[ 2015-01-14T16:03:51+08:00 ] ::1 /tpl/simplebootx//Public/images/headicon.png
ERR: 无法加载模块:Tpl

[ 2015-01-14T16:04:01+08:00 ] ::1 /tpl/simplebootx//Public/images/headicon.png
ERR: 无法加载模块:Tpl

[ 2015-01-14T16:04:14+08:00 ] ::1 /tpl/simplebootx//Public/images/headicon.png
ERR: 无法加载模块:Tpl

[ 2015-01-14T16:04:33+08:00 ] ::1 /tpl/simplebootx//Public/images/headicon.png
ERR: 无法加载模块:Tpl

[ 2015-01-14T16:04:43+08:00 ] ::1 /tpl/simplebootx//Public/images/headicon.png
ERR: 无法加载模块:Tpl

[ 2015-01-14T16:04:47+08:00 ] ::1 /tpl/simplebootx//Public/images/headicon.png
ERR: 无法加载模块:Tpl

[ 2015-01-14T16:04:49+08:00 ] ::1 /tpl/simplebootx//Public/images/headicon.png
ERR: 无法加载模块:Tpl

