[ 2015-01-13T15:43:43+08:00 ] ::1 /tpl/simplebootx//Public/images/headicon_128.png
ERR: 无法加载模块:Tpl

[ 2015-01-13T16:38:57+08:00 ] ::1 /tpl/simplebootx//Public/images/headicon.png
ERR: 无法加载模块:Tpl

[ 2015-01-13T16:39:04+08:00 ] ::1 /tpl/simplebootx//Public/images/headicon.png
ERR: 无法加载模块:Tpl

[ 2015-01-13T16:39:17+08:00 ] ::1 /tpl/simplebootx//Public/images/headicon.png
ERR: 无法加载模块:Tpl

[ 2015-01-13T16:39:50+08:00 ] ::1 /tpl/simplebootx//Public/images/headicon.png
ERR: 无法加载模块:Tpl

[ 2015-01-13T16:40:48+08:00 ] ::1 /tpl/simplebootx//Public/images/headicon.png
ERR: 无法加载模块:Tpl

[ 2015-01-13T16:42:24+08:00 ] ::1 /tpl/simplebootx//Public/images/headicon.png
ERR: 无法加载模块:Tpl

[ 2015-01-13T16:42:27+08:00 ] ::1 /tpl/simplebootx//Public/images/headicon.png
ERR: 无法加载模块:Tpl

[ 2015-01-13T16:42:27+08:00 ] ::1 /tpl/simplebootx//Public/images/headicon_128.png
ERR: 无法加载模块:Tpl

[ 2015-01-13T16:45:35+08:00 ] ::1 /tpl/simplebootx//Public/images/headicon.png
ERR: 无法加载模块:Tpl

[ 2015-01-13T16:45:37+08:00 ] ::1 /tpl/simplebootx//Public/images/headicon.png
ERR: 无法加载模块:Tpl

[ 2015-01-13T16:46:46+08:00 ] ::1 /tpl/simplebootx//Public/images/headicon.png
ERR: 无法加载模块:Tpl

[ 2015-01-13T16:47:08+08:00 ] ::1 /tpl/simplebootx//Public/images/headicon.png
ERR: 无法加载模块:Tpl

[ 2015-01-13T16:47:10+08:00 ] ::1 /tpl/simplebootx//Public/images/headicon.png
ERR: 无法加载模块:Tpl

[ 2015-01-13T16:47:43+08:00 ] ::1 /tpl/simplebootx//Public/images/headicon.png
ERR: 无法加载模块:Tpl

[ 2015-01-13T16:47:44+08:00 ] ::1 /tpl/simplebootx//Public/images/headicon.png
ERR: 无法加载模块:Tpl

[ 2015-01-13T16:50:27+08:00 ] ::1 /tpl/simplebootx/Public/simpleboot/bootstrap/js/bootstrap.min.js
ERR: 无法加载模块:Tpl

[ 2015-01-13T16:50:27+08:00 ] ::1 /tpl/simplebootx//Public/images/headicon.png
ERR: 无法加载模块:Tpl

[ 2015-01-13T16:50:27+08:00 ] ::1 /tpl/simplebootx/Public/images/logo.png
ERR: 无法加载模块:Tpl

[ 2015-01-13T16:50:47+08:00 ] ::1 /tpl/simplebootx/Public/images/logo.png
ERR: 无法加载模块:Tpl

[ 2015-01-13T16:50:47+08:00 ] ::1 /tpl/simplebootx/Public/simpleboot/bootstrap/js/bootstrap.min.js
ERR: 无法加载模块:Tpl

[ 2015-01-13T16:50:47+08:00 ] ::1 /tpl/simplebootx//Public/images/headicon.png
ERR: 无法加载模块:Tpl

[ 2015-01-13T16:51:00+08:00 ] ::1 /tpl/simplebootx/Public/simpleboot/bootstrap/js/bootstrap.min.js
ERR: 无法加载模块:Tpl

[ 2015-01-13T16:51:00+08:00 ] ::1 /tpl/simplebootx//Public/images/headicon.png
ERR: 无法加载模块:Tpl

[ 2015-01-13T16:51:00+08:00 ] ::1 /tpl/simplebootx/Public/images/logo.png
ERR: 无法加载模块:Tpl

[ 2015-01-13T16:51:01+08:00 ] ::1 /tpl/simplebootx/Public/simpleboot/bootstrap/js/bootstrap.min.js
ERR: 无法加载模块:Tpl

[ 2015-01-13T16:51:01+08:00 ] ::1 /tpl/simplebootx//Public/images/headicon.png
ERR: 无法加载模块:Tpl

[ 2015-01-13T16:51:01+08:00 ] ::1 /tpl/simplebootx/Public/images/logo.png
ERR: 无法加载模块:Tpl

[ 2015-01-13T16:52:46+08:00 ] ::1 /tpl/simplebootx/Public/images/logo.png
ERR: 无法加载模块:Tpl

[ 2015-01-13T16:52:46+08:00 ] ::1 /tpl/simplebootx/Public/simpleboot/bootstrap/js/bootstrap.min.js
ERR: 无法加载模块:Tpl

[ 2015-01-13T16:52:46+08:00 ] ::1 /tpl/simplebootx//Public/images/headicon.png
ERR: 无法加载模块:Tpl

[ 2015-01-13T16:53:21+08:00 ] ::1 /tpl/simplebootx/Public/simpleboot/bootstrap/js/bootstrap.min.js
ERR: 无法加载模块:Tpl

[ 2015-01-13T16:53:21+08:00 ] ::1 /tpl/simplebootx/Public/images/logo.png
ERR: 无法加载模块:Tpl

[ 2015-01-13T16:53:21+08:00 ] ::1 /tpl/simplebootx//Public/images/headicon.png
ERR: 无法加载模块:Tpl

[ 2015-01-13T16:54:02+08:00 ] ::1 /tpl/simplebootx//Public/images/headicon.png
ERR: 无法加载模块:Tpl

[ 2015-01-13T17:03:29+08:00 ] ::1 /tpl/simplebootx//Public/images/headicon.png
ERR: 无法加载模块:Tpl

[ 2015-01-13T17:09:06+08:00 ] ::1 /tpl/simplebootx//Public/images/headicon.png
ERR: 无法加载模块:Tpl

[ 2015-01-13T17:10:37+08:00 ] ::1 /tpl/simplebootx//Public/images/headicon.png
ERR: 无法加载模块:Tpl

[ 2015-01-13T17:11:21+08:00 ] ::1 /tpl/simplebootx//Public/images/headicon.png
ERR: 无法加载模块:Tpl

